[0.109s] DEBUG:colcon:Command line arguments: ['/usr/bin/colcon', 'build']
[0.109s] DEBUG:colcon:Parsed command line arguments: Namespace(allow_overriding=[], ament_cmake_args=None, base_paths=['.'], build_base='build', catkin_cmake_args=None, catkin_skip_building_tests=False, cmake_args=None, cmake_clean_cache=False, cmake_clean_first=False, cmake_force_configure=False, cmake_target=None, cmake_target_skip_unavailable=False, continue_on_error=False, event_handlers=None, executor='parallel', ignore_user_meta=False, install_base='install', log_base=None, log_level=None, main=<bound method BuildVerb.main of <colcon_core.verb.build.BuildVerb object at 0x7fe4a196ba00>>, merge_install=False, metas=['./colcon.meta'], mixin=None, mixin_files=None, mixin_verb=('build',), packages_above=None, packages_above_and_dependencies=None, packages_above_depth=None, packages_end=None, packages_ignore=None, packages_ignore_regex=None, packages_select=None, packages_select_build_failed=False, packages_select_by_dep=None, packages_select_regex=None, packages_select_test_failures=False, packages_skip=None, packages_skip_build_finished=False, packages_skip_by_dep=None, packages_skip_regex=None, packages_skip_test_passed=False, packages_skip_up_to=None, packages_start=None, packages_up_to=None, packages_up_to_regex=None, parallel_workers=12, paths=None, symlink_install=False, test_result_base=None, verb_extension=<colcon_core.verb.build.BuildVerb object at 0x7fe4a196ba00>, verb_name='build', verb_parser=<colcon_mixin.mixin.mixin_argument.MixinArgumentDecorator object at 0x7fe4a18cb9a0>)
[0.187s] Level 1:colcon.colcon_core.package_discovery:discover_packages(colcon_meta) check parameters
[0.187s] Level 1:colcon.colcon_core.package_discovery:discover_packages(recursive) check parameters
[0.187s] Level 1:colcon.colcon_core.package_discovery:discover_packages(ignore) check parameters
[0.187s] Level 1:colcon.colcon_core.package_discovery:discover_packages(path) check parameters
[0.187s] Level 1:colcon.colcon_core.package_discovery:discover_packages(colcon_meta) discover
[0.187s] Level 1:colcon.colcon_core.package_discovery:discover_packages(recursive) discover
[0.187s] INFO:colcon.colcon_core.package_discovery:Crawling recursively for packages in '/home/kusi/Downloads/DRL_robot_navigation_ros2'
[0.187s] Level 1:colcon.colcon_core.package_identification:_identify(.) by extensions ['ignore', 'ignore_ament_install']
[0.187s] Level 1:colcon.colcon_core.package_identification:_identify(.) by extension 'ignore'
[0.187s] Level 1:colcon.colcon_core.package_identification:_identify(.) by extension 'ignore_ament_install'
[0.187s] Level 1:colcon.colcon_core.package_identification:_identify(.) by extensions ['colcon_pkg']
[0.187s] Level 1:colcon.colcon_core.package_identification:_identify(.) by extension 'colcon_pkg'
[0.187s] Level 1:colcon.colcon_core.package_identification:_identify(.) by extensions ['colcon_meta']
[0.187s] Level 1:colcon.colcon_core.package_identification:_identify(.) by extension 'colcon_meta'
[0.187s] Level 1:colcon.colcon_core.package_identification:_identify(.) by extensions ['ros']
[0.187s] Level 1:colcon.colcon_core.package_identification:_identify(.) by extension 'ros'
[0.194s] Level 1:colcon.colcon_core.package_identification:_identify(.) by extensions ['cmake', 'python']
[0.194s] Level 1:colcon.colcon_core.package_identification:_identify(.) by extension 'cmake'
[0.194s] Level 1:colcon.colcon_core.package_identification:_identify(.) by extension 'python'
[0.194s] Level 1:colcon.colcon_core.package_identification:_identify(.) by extensions ['python_setup_py']
[0.194s] Level 1:colcon.colcon_core.package_identification:_identify(.) by extension 'python_setup_py'
[0.194s] Level 1:colcon.colcon_core.package_identification:_identify(build) by extensions ['ignore', 'ignore_ament_install']
[0.194s] Level 1:colcon.colcon_core.package_identification:_identify(build) by extension 'ignore'
[0.194s] Level 1:colcon.colcon_core.package_identification:_identify(build) ignored
[0.194s] Level 1:colcon.colcon_core.package_identification:_identify(install) by extensions ['ignore', 'ignore_ament_install']
[0.194s] Level 1:colcon.colcon_core.package_identification:_identify(install) by extension 'ignore'
[0.194s] Level 1:colcon.colcon_core.package_identification:_identify(install) ignored
[0.194s] Level 1:colcon.colcon_core.package_identification:_identify(log) by extensions ['ignore', 'ignore_ament_install']
[0.194s] Level 1:colcon.colcon_core.package_identification:_identify(log) by extension 'ignore'
[0.194s] Level 1:colcon.colcon_core.package_identification:_identify(log) ignored
[0.194s] Level 1:colcon.colcon_core.package_identification:_identify(src) by extensions ['ignore', 'ignore_ament_install']
[0.194s] Level 1:colcon.colcon_core.package_identification:_identify(src) by extension 'ignore'
[0.194s] Level 1:colcon.colcon_core.package_identification:_identify(src) by extension 'ignore_ament_install'
[0.194s] Level 1:colcon.colcon_core.package_identification:_identify(src) by extensions ['colcon_pkg']
[0.194s] Level 1:colcon.colcon_core.package_identification:_identify(src) by extension 'colcon_pkg'
[0.194s] Level 1:colcon.colcon_core.package_identification:_identify(src) by extensions ['colcon_meta']
[0.195s] Level 1:colcon.colcon_core.package_identification:_identify(src) by extension 'colcon_meta'
[0.195s] Level 1:colcon.colcon_core.package_identification:_identify(src) by extensions ['ros']
[0.195s] Level 1:colcon.colcon_core.package_identification:_identify(src) by extension 'ros'
[0.195s] Level 1:colcon.colcon_core.package_identification:_identify(src) by extensions ['cmake', 'python']
[0.195s] Level 1:colcon.colcon_core.package_identification:_identify(src) by extension 'cmake'
[0.195s] Level 1:colcon.colcon_core.package_identification:_identify(src) by extension 'python'
[0.195s] Level 1:colcon.colcon_core.package_identification:_identify(src) by extensions ['python_setup_py']
[0.195s] Level 1:colcon.colcon_core.package_identification:_identify(src) by extension 'python_setup_py'
[0.195s] Level 1:colcon.colcon_core.package_identification:_identify(src/td3) by extensions ['ignore', 'ignore_ament_install']
[0.195s] Level 1:colcon.colcon_core.package_identification:_identify(src/td3) by extension 'ignore'
[0.195s] Level 1:colcon.colcon_core.package_identification:_identify(src/td3) by extension 'ignore_ament_install'
[0.195s] Level 1:colcon.colcon_core.package_identification:_identify(src/td3) by extensions ['colcon_pkg']
[0.195s] Level 1:colcon.colcon_core.package_identification:_identify(src/td3) by extension 'colcon_pkg'
[0.195s] Level 1:colcon.colcon_core.package_identification:_identify(src/td3) by extensions ['colcon_meta']
[0.195s] Level 1:colcon.colcon_core.package_identification:_identify(src/td3) by extension 'colcon_meta'
[0.195s] Level 1:colcon.colcon_core.package_identification:_identify(src/td3) by extensions ['ros']
[0.195s] Level 1:colcon.colcon_core.package_identification:_identify(src/td3) by extension 'ros'
[0.196s] DEBUG:colcon.colcon_core.package_identification:Package 'src/td3' with type 'ros.ament_cmake' and name 'td3'
[0.196s] Level 1:colcon.colcon_core.package_identification:_identify(src/velodyne_simulator) by extensions ['ignore', 'ignore_ament_install']
[0.197s] Level 1:colcon.colcon_core.package_identification:_identify(src/velodyne_simulator) by extension 'ignore'
[0.197s] Level 1:colcon.colcon_core.package_identification:_identify(src/velodyne_simulator) by extension 'ignore_ament_install'
[0.197s] Level 1:colcon.colcon_core.package_identification:_identify(src/velodyne_simulator) by extensions ['colcon_pkg']
[0.197s] Level 1:colcon.colcon_core.package_identification:_identify(src/velodyne_simulator) by extension 'colcon_pkg'
[0.197s] Level 1:colcon.colcon_core.package_identification:_identify(src/velodyne_simulator) by extensions ['colcon_meta']
[0.197s] Level 1:colcon.colcon_core.package_identification:_identify(src/velodyne_simulator) by extension 'colcon_meta'
[0.197s] Level 1:colcon.colcon_core.package_identification:_identify(src/velodyne_simulator) by extensions ['ros']
[0.197s] Level 1:colcon.colcon_core.package_identification:_identify(src/velodyne_simulator) by extension 'ros'
[0.197s] Level 1:colcon.colcon_core.package_identification:_identify(src/velodyne_simulator) by extensions ['cmake', 'python']
[0.197s] Level 1:colcon.colcon_core.package_identification:_identify(src/velodyne_simulator) by extension 'cmake'
[0.197s] Level 1:colcon.colcon_core.package_identification:_identify(src/velodyne_simulator) by extension 'python'
[0.197s] Level 1:colcon.colcon_core.package_identification:_identify(src/velodyne_simulator) by extensions ['python_setup_py']
[0.197s] Level 1:colcon.colcon_core.package_identification:_identify(src/velodyne_simulator) by extension 'python_setup_py'
[0.197s] Level 1:colcon.colcon_core.package_identification:_identify(src/velodyne_simulator/img) by extensions ['ignore', 'ignore_ament_install']
[0.197s] Level 1:colcon.colcon_core.package_identification:_identify(src/velodyne_simulator/img) by extension 'ignore'
[0.197s] Level 1:colcon.colcon_core.package_identification:_identify(src/velodyne_simulator/img) by extension 'ignore_ament_install'
[0.197s] Level 1:colcon.colcon_core.package_identification:_identify(src/velodyne_simulator/img) by extensions ['colcon_pkg']
[0.197s] Level 1:colcon.colcon_core.package_identification:_identify(src/velodyne_simulator/img) by extension 'colcon_pkg'
[0.197s] Level 1:colcon.colcon_core.package_identification:_identify(src/velodyne_simulator/img) by extensions ['colcon_meta']
[0.197s] Level 1:colcon.colcon_core.package_identification:_identify(src/velodyne_simulator/img) by extension 'colcon_meta'
[0.197s] Level 1:colcon.colcon_core.package_identification:_identify(src/velodyne_simulator/img) by extensions ['ros']
[0.197s] Level 1:colcon.colcon_core.package_identification:_identify(src/velodyne_simulator/img) by extension 'ros'
[0.197s] Level 1:colcon.colcon_core.package_identification:_identify(src/velodyne_simulator/img) by extensions ['cmake', 'python']
[0.197s] Level 1:colcon.colcon_core.package_identification:_identify(src/velodyne_simulator/img) by extension 'cmake'
[0.197s] Level 1:colcon.colcon_core.package_identification:_identify(src/velodyne_simulator/img) by extension 'python'
[0.197s] Level 1:colcon.colcon_core.package_identification:_identify(src/velodyne_simulator/img) by extensions ['python_setup_py']
[0.197s] Level 1:colcon.colcon_core.package_identification:_identify(src/velodyne_simulator/img) by extension 'python_setup_py'
[0.197s] Level 1:colcon.colcon_core.package_identification:_identify(src/velodyne_simulator/velodyne_description) by extensions ['ignore', 'ignore_ament_install']
[0.197s] Level 1:colcon.colcon_core.package_identification:_identify(src/velodyne_simulator/velodyne_description) by extension 'ignore'
[0.197s] Level 1:colcon.colcon_core.package_identification:_identify(src/velodyne_simulator/velodyne_description) by extension 'ignore_ament_install'
[0.197s] Level 1:colcon.colcon_core.package_identification:_identify(src/velodyne_simulator/velodyne_description) by extensions ['colcon_pkg']
[0.197s] Level 1:colcon.colcon_core.package_identification:_identify(src/velodyne_simulator/velodyne_description) by extension 'colcon_pkg'
[0.197s] Level 1:colcon.colcon_core.package_identification:_identify(src/velodyne_simulator/velodyne_description) by extensions ['colcon_meta']
[0.197s] Level 1:colcon.colcon_core.package_identification:_identify(src/velodyne_simulator/velodyne_description) by extension 'colcon_meta'
[0.197s] Level 1:colcon.colcon_core.package_identification:_identify(src/velodyne_simulator/velodyne_description) by extensions ['ros']
[0.197s] Level 1:colcon.colcon_core.package_identification:_identify(src/velodyne_simulator/velodyne_description) by extension 'ros'
[0.198s] DEBUG:colcon.colcon_core.package_identification:Package 'src/velodyne_simulator/velodyne_description' with type 'ros.ament_cmake' and name 'velodyne_description'
[0.198s] Level 1:colcon.colcon_core.package_identification:_identify(src/velodyne_simulator/velodyne_gazebo_plugins) by extensions ['ignore', 'ignore_ament_install']
[0.198s] Level 1:colcon.colcon_core.package_identification:_identify(src/velodyne_simulator/velodyne_gazebo_plugins) by extension 'ignore'
[0.198s] Level 1:colcon.colcon_core.package_identification:_identify(src/velodyne_simulator/velodyne_gazebo_plugins) by extension 'ignore_ament_install'
[0.198s] Level 1:colcon.colcon_core.package_identification:_identify(src/velodyne_simulator/velodyne_gazebo_plugins) by extensions ['colcon_pkg']
[0.198s] Level 1:colcon.colcon_core.package_identification:_identify(src/velodyne_simulator/velodyne_gazebo_plugins) by extension 'colcon_pkg'
[0.198s] Level 1:colcon.colcon_core.package_identification:_identify(src/velodyne_simulator/velodyne_gazebo_plugins) by extensions ['colcon_meta']
[0.198s] Level 1:colcon.colcon_core.package_identification:_identify(src/velodyne_simulator/velodyne_gazebo_plugins) by extension 'colcon_meta'
[0.198s] Level 1:colcon.colcon_core.package_identification:_identify(src/velodyne_simulator/velodyne_gazebo_plugins) by extensions ['ros']
[0.198s] Level 1:colcon.colcon_core.package_identification:_identify(src/velodyne_simulator/velodyne_gazebo_plugins) by extension 'ros'
[0.198s] DEBUG:colcon.colcon_core.package_identification:Package 'src/velodyne_simulator/velodyne_gazebo_plugins' with type 'ros.ament_cmake' and name 'velodyne_gazebo_plugins'
[0.198s] Level 1:colcon.colcon_core.package_identification:_identify(src/velodyne_simulator/velodyne_simulator) by extensions ['ignore', 'ignore_ament_install']
[0.199s] Level 1:colcon.colcon_core.package_identification:_identify(src/velodyne_simulator/velodyne_simulator) by extension 'ignore'
[0.199s] Level 1:colcon.colcon_core.package_identification:_identify(src/velodyne_simulator/velodyne_simulator) by extension 'ignore_ament_install'
[0.199s] Level 1:colcon.colcon_core.package_identification:_identify(src/velodyne_simulator/velodyne_simulator) by extensions ['colcon_pkg']
[0.199s] Level 1:colcon.colcon_core.package_identification:_identify(src/velodyne_simulator/velodyne_simulator) by extension 'colcon_pkg'
[0.199s] Level 1:colcon.colcon_core.package_identification:_identify(src/velodyne_simulator/velodyne_simulator) by extensions ['colcon_meta']
[0.199s] Level 1:colcon.colcon_core.package_identification:_identify(src/velodyne_simulator/velodyne_simulator) by extension 'colcon_meta'
[0.199s] Level 1:colcon.colcon_core.package_identification:_identify(src/velodyne_simulator/velodyne_simulator) by extensions ['ros']
[0.199s] Level 1:colcon.colcon_core.package_identification:_identify(src/velodyne_simulator/velodyne_simulator) by extension 'ros'
[0.199s] DEBUG:colcon.colcon_core.package_identification:Package 'src/velodyne_simulator/velodyne_simulator' with type 'ros.ament_cmake' and name 'velodyne_simulator'
[0.199s] Level 1:colcon.colcon_core.package_discovery:discover_packages(recursive) using defaults
[0.199s] Level 1:colcon.colcon_core.package_discovery:discover_packages(ignore) discover
[0.199s] Level 1:colcon.colcon_core.package_discovery:discover_packages(ignore) using defaults
[0.199s] Level 1:colcon.colcon_core.package_discovery:discover_packages(path) discover
[0.199s] Level 1:colcon.colcon_core.package_discovery:discover_packages(path) using defaults
[0.208s] Level 1:colcon.colcon_core.package_discovery:discover_packages(prefix_path) check parameters
[0.208s] Level 1:colcon.colcon_core.package_discovery:discover_packages(prefix_path) discover
[0.210s] DEBUG:colcon.colcon_installed_package_information.package_discovery:Found 4 installed packages in /home/kusi/Downloads/DRL_robot_navigation_ros2/install
[0.210s] DEBUG:colcon.colcon_installed_package_information.package_discovery:Found 4 installed packages in /home/kusi/Documents/DRL_robot_navigation_ros2/install
[0.211s] DEBUG:colcon.colcon_installed_package_information.package_discovery:Found 270 installed packages in /opt/ros/foxy
[0.217s] Level 1:colcon.colcon_core.package_discovery:discover_packages(prefix_path) using defaults
[0.246s] Level 5:colcon.colcon_core.verb:set package 'td3' build argument 'cmake_args' from command line to 'None'
[0.246s] Level 5:colcon.colcon_core.verb:set package 'td3' build argument 'cmake_target' from command line to 'None'
[0.246s] Level 5:colcon.colcon_core.verb:set package 'td3' build argument 'cmake_target_skip_unavailable' from command line to 'False'
[0.246s] Level 5:colcon.colcon_core.verb:set package 'td3' build argument 'cmake_clean_cache' from command line to 'False'
[0.246s] Level 5:colcon.colcon_core.verb:set package 'td3' build argument 'cmake_clean_first' from command line to 'False'
[0.246s] Level 5:colcon.colcon_core.verb:set package 'td3' build argument 'cmake_force_configure' from command line to 'False'
[0.246s] Level 5:colcon.colcon_core.verb:set package 'td3' build argument 'ament_cmake_args' from command line to 'None'
[0.246s] Level 5:colcon.colcon_core.verb:set package 'td3' build argument 'catkin_cmake_args' from command line to 'None'
[0.246s] Level 5:colcon.colcon_core.verb:set package 'td3' build argument 'catkin_skip_building_tests' from command line to 'False'
[0.246s] DEBUG:colcon.colcon_core.verb:Building package 'td3' with the following arguments: {'ament_cmake_args': None, 'build_base': '/home/kusi/Downloads/DRL_robot_navigation_ros2/build/td3', 'catkin_cmake_args': None, 'catkin_skip_building_tests': False, 'cmake_args': None, 'cmake_clean_cache': False, 'cmake_clean_first': False, 'cmake_force_configure': False, 'cmake_target': None, 'cmake_target_skip_unavailable': False, 'install_base': '/home/kusi/Downloads/DRL_robot_navigation_ros2/install/td3', 'merge_install': False, 'path': '/home/kusi/Downloads/DRL_robot_navigation_ros2/src/td3', 'symlink_install': False, 'test_result_base': None}
[0.246s] Level 5:colcon.colcon_core.verb:set package 'velodyne_description' build argument 'cmake_args' from command line to 'None'
[0.246s] Level 5:colcon.colcon_core.verb:set package 'velodyne_description' build argument 'cmake_target' from command line to 'None'
[0.246s] Level 5:colcon.colcon_core.verb:set package 'velodyne_description' build argument 'cmake_target_skip_unavailable' from command line to 'False'
[0.246s] Level 5:colcon.colcon_core.verb:set package 'velodyne_description' build argument 'cmake_clean_cache' from command line to 'False'
[0.246s] Level 5:colcon.colcon_core.verb:set package 'velodyne_description' build argument 'cmake_clean_first' from command line to 'False'
[0.247s] Level 5:colcon.colcon_core.verb:set package 'velodyne_description' build argument 'cmake_force_configure' from command line to 'False'
[0.247s] Level 5:colcon.colcon_core.verb:set package 'velodyne_description' build argument 'ament_cmake_args' from command line to 'None'
[0.247s] Level 5:colcon.colcon_core.verb:set package 'velodyne_description' build argument 'catkin_cmake_args' from command line to 'None'
[0.247s] Level 5:colcon.colcon_core.verb:set package 'velodyne_description' build argument 'catkin_skip_building_tests' from command line to 'False'
[0.247s] DEBUG:colcon.colcon_core.verb:Building package 'velodyne_description' with the following arguments: {'ament_cmake_args': None, 'build_base': '/home/kusi/Downloads/DRL_robot_navigation_ros2/build/velodyne_description', 'catkin_cmake_args': None, 'catkin_skip_building_tests': False, 'cmake_args': None, 'cmake_clean_cache': False, 'cmake_clean_first': False, 'cmake_force_configure': False, 'cmake_target': None, 'cmake_target_skip_unavailable': False, 'install_base': '/home/kusi/Downloads/DRL_robot_navigation_ros2/install/velodyne_description', 'merge_install': False, 'path': '/home/kusi/Downloads/DRL_robot_navigation_ros2/src/velodyne_simulator/velodyne_description', 'symlink_install': False, 'test_result_base': None}
[0.247s] Level 5:colcon.colcon_core.verb:set package 'velodyne_gazebo_plugins' build argument 'cmake_args' from command line to 'None'
[0.247s] Level 5:colcon.colcon_core.verb:set package 'velodyne_gazebo_plugins' build argument 'cmake_target' from command line to 'None'
[0.247s] Level 5:colcon.colcon_core.verb:set package 'velodyne_gazebo_plugins' build argument 'cmake_target_skip_unavailable' from command line to 'False'
[0.247s] Level 5:colcon.colcon_core.verb:set package 'velodyne_gazebo_plugins' build argument 'cmake_clean_cache' from command line to 'False'
[0.247s] Level 5:colcon.colcon_core.verb:set package 'velodyne_gazebo_plugins' build argument 'cmake_clean_first' from command line to 'False'
[0.247s] Level 5:colcon.colcon_core.verb:set package 'velodyne_gazebo_plugins' build argument 'cmake_force_configure' from command line to 'False'
[0.247s] Level 5:colcon.colcon_core.verb:set package 'velodyne_gazebo_plugins' build argument 'ament_cmake_args' from command line to 'None'
[0.247s] Level 5:colcon.colcon_core.verb:set package 'velodyne_gazebo_plugins' build argument 'catkin_cmake_args' from command line to 'None'
[0.247s] Level 5:colcon.colcon_core.verb:set package 'velodyne_gazebo_plugins' build argument 'catkin_skip_building_tests' from command line to 'False'
[0.247s] DEBUG:colcon.colcon_core.verb:Building package 'velodyne_gazebo_plugins' with the following arguments: {'ament_cmake_args': None, 'build_base': '/home/kusi/Downloads/DRL_robot_navigation_ros2/build/velodyne_gazebo_plugins', 'catkin_cmake_args': None, 'catkin_skip_building_tests': False, 'cmake_args': None, 'cmake_clean_cache': False, 'cmake_clean_first': False, 'cmake_force_configure': False, 'cmake_target': None, 'cmake_target_skip_unavailable': False, 'install_base': '/home/kusi/Downloads/DRL_robot_navigation_ros2/install/velodyne_gazebo_plugins', 'merge_install': False, 'path': '/home/kusi/Downloads/DRL_robot_navigation_ros2/src/velodyne_simulator/velodyne_gazebo_plugins', 'symlink_install': False, 'test_result_base': None}
[0.247s] Level 5:colcon.colcon_core.verb:set package 'velodyne_simulator' build argument 'cmake_args' from command line to 'None'
[0.247s] Level 5:colcon.colcon_core.verb:set package 'velodyne_simulator' build argument 'cmake_target' from command line to 'None'
[0.247s] Level 5:colcon.colcon_core.verb:set package 'velodyne_simulator' build argument 'cmake_target_skip_unavailable' from command line to 'False'
[0.247s] Level 5:colcon.colcon_core.verb:set package 'velodyne_simulator' build argument 'cmake_clean_cache' from command line to 'False'
[0.247s] Level 5:colcon.colcon_core.verb:set package 'velodyne_simulator' build argument 'cmake_clean_first' from command line to 'False'
[0.247s] Level 5:colcon.colcon_core.verb:set package 'velodyne_simulator' build argument 'cmake_force_configure' from command line to 'False'
[0.247s] Level 5:colcon.colcon_core.verb:set package 'velodyne_simulator' build argument 'ament_cmake_args' from command line to 'None'
[0.247s] Level 5:colcon.colcon_core.verb:set package 'velodyne_simulator' build argument 'catkin_cmake_args' from command line to 'None'
[0.247s] Level 5:colcon.colcon_core.verb:set package 'velodyne_simulator' build argument 'catkin_skip_building_tests' from command line to 'False'
[0.247s] DEBUG:colcon.colcon_core.verb:Building package 'velodyne_simulator' with the following arguments: {'ament_cmake_args': None, 'build_base': '/home/kusi/Downloads/DRL_robot_navigation_ros2/build/velodyne_simulator', 'catkin_cmake_args': None, 'catkin_skip_building_tests': False, 'cmake_args': None, 'cmake_clean_cache': False, 'cmake_clean_first': False, 'cmake_force_configure': False, 'cmake_target': None, 'cmake_target_skip_unavailable': False, 'install_base': '/home/kusi/Downloads/DRL_robot_navigation_ros2/install/velodyne_simulator', 'merge_install': False, 'path': '/home/kusi/Downloads/DRL_robot_navigation_ros2/src/velodyne_simulator/velodyne_simulator', 'symlink_install': False, 'test_result_base': None}
[0.247s] INFO:colcon.colcon_core.executor:Executing jobs using 'parallel' executor
[0.248s] DEBUG:colcon.colcon_parallel_executor.executor.parallel:run_until_complete
[0.248s] INFO:colcon.colcon_ros.task.ament_cmake.build:Building ROS package in '/home/kusi/Downloads/DRL_robot_navigation_ros2/src/velodyne_simulator/velodyne_description' with build type 'ament_cmake'
[0.248s] INFO:colcon.colcon_cmake.task.cmake.build:Building CMake package in '/home/kusi/Downloads/DRL_robot_navigation_ros2/src/velodyne_simulator/velodyne_description'
[0.249s] INFO:colcon.colcon_core.plugin_system:Skipping extension 'colcon_core.shell.bat': Not used on non-Windows systems
[0.249s] INFO:colcon.colcon_core.shell:Skip shell extension 'powershell' for command environment: Not usable outside of PowerShell
[0.249s] DEBUG:colcon.colcon_core.shell:Skip shell extension 'dsv' for command environment
[0.252s] INFO:colcon.colcon_ros.task.ament_cmake.build:Building ROS package in '/home/kusi/Downloads/DRL_robot_navigation_ros2/src/velodyne_simulator/velodyne_gazebo_plugins' with build type 'ament_cmake'
[0.253s] INFO:colcon.colcon_cmake.task.cmake.build:Building CMake package in '/home/kusi/Downloads/DRL_robot_navigation_ros2/src/velodyne_simulator/velodyne_gazebo_plugins'
[0.253s] INFO:colcon.colcon_core.shell:Skip shell extension 'powershell' for command environment: Not usable outside of PowerShell
[0.253s] DEBUG:colcon.colcon_core.shell:Skip shell extension 'dsv' for command environment
[0.255s] INFO:colcon.colcon_ros.task.ament_cmake.build:Building ROS package in '/home/kusi/Downloads/DRL_robot_navigation_ros2/src/td3' with build type 'ament_cmake'
[0.256s] INFO:colcon.colcon_cmake.task.cmake.build:Building CMake package in '/home/kusi/Downloads/DRL_robot_navigation_ros2/src/td3'
[0.256s] INFO:colcon.colcon_core.shell:Skip shell extension 'powershell' for command environment: Not usable outside of PowerShell
[0.256s] DEBUG:colcon.colcon_core.shell:Skip shell extension 'dsv' for command environment
[0.262s] DEBUG:colcon.colcon_core.event_handler.log_command:Invoking command in '/home/kusi/Downloads/DRL_robot_navigation_ros2/build/velodyne_description': CMAKE_PREFIX_PATH=${CMAKE_PREFIX_PATH}:/opt/ros/foxy /usr/bin/cmake --build /home/kusi/Downloads/DRL_robot_navigation_ros2/build/velodyne_description -- -j12 -l12
[0.265s] DEBUG:colcon.colcon_core.event_handler.log_command:Invoking command in '/home/kusi/Downloads/DRL_robot_navigation_ros2/build/velodyne_gazebo_plugins': CMAKE_PREFIX_PATH=${CMAKE_PREFIX_PATH}:/opt/ros/foxy /usr/bin/cmake --build /home/kusi/Downloads/DRL_robot_navigation_ros2/build/velodyne_gazebo_plugins -- -j12 -l12
[0.268s] DEBUG:colcon.colcon_core.event_handler.log_command:Invoking command in '/home/kusi/Downloads/DRL_robot_navigation_ros2/build/td3': CMAKE_PREFIX_PATH=${CMAKE_PREFIX_PATH}:/opt/ros/foxy /usr/bin/cmake --build /home/kusi/Downloads/DRL_robot_navigation_ros2/build/td3 -- -j12 -l12
[0.285s] DEBUG:colcon.colcon_core.event_handler.log_command:Invoked command in '/home/kusi/Downloads/DRL_robot_navigation_ros2/build/velodyne_description' returned '0': CMAKE_PREFIX_PATH=${CMAKE_PREFIX_PATH}:/opt/ros/foxy /usr/bin/cmake --build /home/kusi/Downloads/DRL_robot_navigation_ros2/build/velodyne_description -- -j12 -l12
[0.289s] DEBUG:colcon.colcon_core.event_handler.log_command:Invoked command in '/home/kusi/Downloads/DRL_robot_navigation_ros2/build/td3' returned '0': CMAKE_PREFIX_PATH=${CMAKE_PREFIX_PATH}:/opt/ros/foxy /usr/bin/cmake --build /home/kusi/Downloads/DRL_robot_navigation_ros2/build/td3 -- -j12 -l12
[0.305s] DEBUG:colcon.colcon_core.event_handler.log_command:Invoking command in '/home/kusi/Downloads/DRL_robot_navigation_ros2/build/velodyne_description': CMAKE_PREFIX_PATH=${CMAKE_PREFIX_PATH}:/opt/ros/foxy /usr/bin/cmake --install /home/kusi/Downloads/DRL_robot_navigation_ros2/build/velodyne_description
[0.307s] DEBUG:colcon.colcon_core.event_handler.log_command:Invoking command in '/home/kusi/Downloads/DRL_robot_navigation_ros2/build/td3': CMAKE_PREFIX_PATH=${CMAKE_PREFIX_PATH}:/opt/ros/foxy /usr/bin/cmake --install /home/kusi/Downloads/DRL_robot_navigation_ros2/build/td3
[0.312s] Level 1:colcon.colcon_core.environment:create_environment_scripts_only(velodyne_description)
[0.317s] DEBUG:colcon.colcon_core.event_handler.log_command:Invoked command in '/home/kusi/Downloads/DRL_robot_navigation_ros2/build/velodyne_description' returned '0': CMAKE_PREFIX_PATH=${CMAKE_PREFIX_PATH}:/opt/ros/foxy /usr/bin/cmake --install /home/kusi/Downloads/DRL_robot_navigation_ros2/build/velodyne_description
[0.322s] Level 1:colcon.colcon_core.environment:checking '/home/kusi/Downloads/DRL_robot_navigation_ros2/install/velodyne_description' for CMake module files
[0.322s] Level 1:colcon.colcon_core.environment:checking '/home/kusi/Downloads/DRL_robot_navigation_ros2/install/velodyne_description' for CMake config files
[0.322s] Level 1:colcon.colcon_core.shell:create_environment_hook('velodyne_description', 'cmake_prefix_path')
[0.322s] INFO:colcon.colcon_core.shell:Creating environment hook '/home/kusi/Downloads/DRL_robot_navigation_ros2/install/velodyne_description/share/velodyne_description/hook/cmake_prefix_path.ps1'
[0.323s] INFO:colcon.colcon_core.shell:Creating environment descriptor '/home/kusi/Downloads/DRL_robot_navigation_ros2/install/velodyne_description/share/velodyne_description/hook/cmake_prefix_path.dsv'
[0.323s] INFO:colcon.colcon_core.shell:Creating environment hook '/home/kusi/Downloads/DRL_robot_navigation_ros2/install/velodyne_description/share/velodyne_description/hook/cmake_prefix_path.sh'
[0.323s] Level 1:colcon.colcon_core.environment:checking '/home/kusi/Downloads/DRL_robot_navigation_ros2/install/velodyne_description/bin'
[0.323s] Level 1:colcon.colcon_core.environment:checking '/home/kusi/Downloads/DRL_robot_navigation_ros2/install/velodyne_description/lib/pkgconfig/velodyne_description.pc'
[0.324s] Level 1:colcon.colcon_core.environment:checking '/home/kusi/Downloads/DRL_robot_navigation_ros2/install/velodyne_description/lib/python3.8/site-packages'
[0.324s] Level 1:colcon.colcon_core.environment:checking '/home/kusi/Downloads/DRL_robot_navigation_ros2/install/velodyne_description/bin'
[0.324s] INFO:colcon.colcon_core.shell:Creating package script '/home/kusi/Downloads/DRL_robot_navigation_ros2/install/velodyne_description/share/velodyne_description/package.ps1'
[0.324s] INFO:colcon.colcon_core.shell:Creating package descriptor '/home/kusi/Downloads/DRL_robot_navigation_ros2/install/velodyne_description/share/velodyne_description/package.dsv'
[0.324s] INFO:colcon.colcon_core.shell:Creating package script '/home/kusi/Downloads/DRL_robot_navigation_ros2/install/velodyne_description/share/velodyne_description/package.sh'
[0.325s] INFO:colcon.colcon_core.shell:Creating package script '/home/kusi/Downloads/DRL_robot_navigation_ros2/install/velodyne_description/share/velodyne_description/package.bash'
[0.325s] INFO:colcon.colcon_core.shell:Creating package script '/home/kusi/Downloads/DRL_robot_navigation_ros2/install/velodyne_description/share/velodyne_description/package.zsh'
[0.326s] Level 1:colcon.colcon_core.environment:create_file_with_runtime_dependencies(/home/kusi/Downloads/DRL_robot_navigation_ros2/install/velodyne_description/share/colcon-core/packages/velodyne_description)
[0.328s] DEBUG:colcon.colcon_core.event_handler.log_command:Invoked command in '/home/kusi/Downloads/DRL_robot_navigation_ros2/build/velodyne_gazebo_plugins' returned '0': CMAKE_PREFIX_PATH=${CMAKE_PREFIX_PATH}:/opt/ros/foxy /usr/bin/cmake --build /home/kusi/Downloads/DRL_robot_navigation_ros2/build/velodyne_gazebo_plugins -- -j12 -l12
[0.330s] Level 1:colcon.colcon_core.environment:create_environment_scripts_only(td3)
[0.330s] Level 1:colcon.colcon_core.environment:checking '/home/kusi/Downloads/DRL_robot_navigation_ros2/install/td3' for CMake module files
[0.330s] DEBUG:colcon.colcon_core.event_handler.log_command:Invoked command in '/home/kusi/Downloads/DRL_robot_navigation_ros2/build/td3' returned '0': CMAKE_PREFIX_PATH=${CMAKE_PREFIX_PATH}:/opt/ros/foxy /usr/bin/cmake --install /home/kusi/Downloads/DRL_robot_navigation_ros2/build/td3
[0.331s] Level 1:colcon.colcon_core.environment:checking '/home/kusi/Downloads/DRL_robot_navigation_ros2/install/td3' for CMake config files
[0.331s] Level 1:colcon.colcon_core.shell:create_environment_hook('td3', 'cmake_prefix_path')
[0.331s] INFO:colcon.colcon_core.shell:Creating environment hook '/home/kusi/Downloads/DRL_robot_navigation_ros2/install/td3/share/td3/hook/cmake_prefix_path.ps1'
[0.331s] INFO:colcon.colcon_core.shell:Creating environment descriptor '/home/kusi/Downloads/DRL_robot_navigation_ros2/install/td3/share/td3/hook/cmake_prefix_path.dsv'
[0.331s] INFO:colcon.colcon_core.shell:Creating environment hook '/home/kusi/Downloads/DRL_robot_navigation_ros2/install/td3/share/td3/hook/cmake_prefix_path.sh'
[0.332s] Level 1:colcon.colcon_core.environment:checking '/home/kusi/Downloads/DRL_robot_navigation_ros2/install/td3/lib'
[0.332s] Level 1:colcon.colcon_core.environment:checking '/home/kusi/Downloads/DRL_robot_navigation_ros2/install/td3/bin'
[0.332s] Level 1:colcon.colcon_core.environment:checking '/home/kusi/Downloads/DRL_robot_navigation_ros2/install/td3/lib/pkgconfig/td3.pc'
[0.332s] Level 1:colcon.colcon_core.environment:checking '/home/kusi/Downloads/DRL_robot_navigation_ros2/install/td3/lib/python3.8/site-packages'
[0.332s] Level 1:colcon.colcon_core.environment:checking '/home/kusi/Downloads/DRL_robot_navigation_ros2/install/td3/bin'
[0.332s] INFO:colcon.colcon_core.shell:Creating package script '/home/kusi/Downloads/DRL_robot_navigation_ros2/install/td3/share/td3/package.ps1'
[0.333s] INFO:colcon.colcon_core.shell:Creating package descriptor '/home/kusi/Downloads/DRL_robot_navigation_ros2/install/td3/share/td3/package.dsv'
[0.333s] INFO:colcon.colcon_core.shell:Creating package script '/home/kusi/Downloads/DRL_robot_navigation_ros2/install/td3/share/td3/package.sh'
[0.333s] INFO:colcon.colcon_core.shell:Creating package script '/home/kusi/Downloads/DRL_robot_navigation_ros2/install/td3/share/td3/package.bash'
[0.333s] INFO:colcon.colcon_core.shell:Creating package script '/home/kusi/Downloads/DRL_robot_navigation_ros2/install/td3/share/td3/package.zsh'
[0.333s] Level 1:colcon.colcon_core.environment:create_file_with_runtime_dependencies(/home/kusi/Downloads/DRL_robot_navigation_ros2/install/td3/share/colcon-core/packages/td3)
[0.338s] Level 1:colcon.colcon_core.environment:create_environment_scripts_only(velodyne_description)
[0.339s] Level 1:colcon.colcon_core.environment:checking '/home/kusi/Downloads/DRL_robot_navigation_ros2/install/velodyne_description' for CMake module files
[0.339s] Level 1:colcon.colcon_core.environment:checking '/home/kusi/Downloads/DRL_robot_navigation_ros2/install/velodyne_description' for CMake config files
[0.339s] Level 1:colcon.colcon_core.shell:create_environment_hook('velodyne_description', 'cmake_prefix_path')
[0.339s] INFO:colcon.colcon_core.shell:Creating environment hook '/home/kusi/Downloads/DRL_robot_navigation_ros2/install/velodyne_description/share/velodyne_description/hook/cmake_prefix_path.ps1'
[0.340s] INFO:colcon.colcon_core.shell:Creating environment descriptor '/home/kusi/Downloads/DRL_robot_navigation_ros2/install/velodyne_description/share/velodyne_description/hook/cmake_prefix_path.dsv'
[0.340s] INFO:colcon.colcon_core.shell:Creating environment hook '/home/kusi/Downloads/DRL_robot_navigation_ros2/install/velodyne_description/share/velodyne_description/hook/cmake_prefix_path.sh'
[0.340s] Level 1:colcon.colcon_core.environment:checking '/home/kusi/Downloads/DRL_robot_navigation_ros2/install/velodyne_description/bin'
[0.340s] Level 1:colcon.colcon_core.environment:checking '/home/kusi/Downloads/DRL_robot_navigation_ros2/install/velodyne_description/lib/pkgconfig/velodyne_description.pc'
[0.341s] Level 1:colcon.colcon_core.environment:checking '/home/kusi/Downloads/DRL_robot_navigation_ros2/install/velodyne_description/lib/python3.8/site-packages'
[0.341s] Level 1:colcon.colcon_core.environment:checking '/home/kusi/Downloads/DRL_robot_navigation_ros2/install/velodyne_description/bin'
[0.341s] INFO:colcon.colcon_core.shell:Creating package script '/home/kusi/Downloads/DRL_robot_navigation_ros2/install/velodyne_description/share/velodyne_description/package.ps1'
[0.341s] INFO:colcon.colcon_core.shell:Creating package descriptor '/home/kusi/Downloads/DRL_robot_navigation_ros2/install/velodyne_description/share/velodyne_description/package.dsv'
[0.342s] INFO:colcon.colcon_core.shell:Creating package script '/home/kusi/Downloads/DRL_robot_navigation_ros2/install/velodyne_description/share/velodyne_description/package.sh'
[0.342s] INFO:colcon.colcon_core.shell:Creating package script '/home/kusi/Downloads/DRL_robot_navigation_ros2/install/velodyne_description/share/velodyne_description/package.bash'
[0.342s] INFO:colcon.colcon_core.shell:Creating package script '/home/kusi/Downloads/DRL_robot_navigation_ros2/install/velodyne_description/share/velodyne_description/package.zsh'
[0.342s] Level 1:colcon.colcon_core.environment:create_file_with_runtime_dependencies(/home/kusi/Downloads/DRL_robot_navigation_ros2/install/velodyne_description/share/colcon-core/packages/velodyne_description)
[0.345s] DEBUG:colcon.colcon_core.event_handler.log_command:Invoking command in '/home/kusi/Downloads/DRL_robot_navigation_ros2/build/velodyne_gazebo_plugins': CMAKE_PREFIX_PATH=${CMAKE_PREFIX_PATH}:/opt/ros/foxy /usr/bin/cmake --install /home/kusi/Downloads/DRL_robot_navigation_ros2/build/velodyne_gazebo_plugins
[0.346s] Level 1:colcon.colcon_core.environment:create_environment_scripts_only(td3)
[0.346s] Level 1:colcon.colcon_core.environment:checking '/home/kusi/Downloads/DRL_robot_navigation_ros2/install/td3' for CMake module files
[0.347s] Level 1:colcon.colcon_core.environment:checking '/home/kusi/Downloads/DRL_robot_navigation_ros2/install/td3' for CMake config files
[0.347s] Level 1:colcon.colcon_core.shell:create_environment_hook('td3', 'cmake_prefix_path')
[0.347s] INFO:colcon.colcon_core.shell:Creating environment hook '/home/kusi/Downloads/DRL_robot_navigation_ros2/install/td3/share/td3/hook/cmake_prefix_path.ps1'
[0.348s] INFO:colcon.colcon_core.shell:Creating environment descriptor '/home/kusi/Downloads/DRL_robot_navigation_ros2/install/td3/share/td3/hook/cmake_prefix_path.dsv'
[0.348s] INFO:colcon.colcon_core.shell:Creating environment hook '/home/kusi/Downloads/DRL_robot_navigation_ros2/install/td3/share/td3/hook/cmake_prefix_path.sh'
[0.348s] Level 1:colcon.colcon_core.environment:checking '/home/kusi/Downloads/DRL_robot_navigation_ros2/install/td3/lib'
[0.348s] Level 1:colcon.colcon_core.environment:checking '/home/kusi/Downloads/DRL_robot_navigation_ros2/install/td3/bin'
[0.349s] Level 1:colcon.colcon_core.environment:checking '/home/kusi/Downloads/DRL_robot_navigation_ros2/install/td3/lib/pkgconfig/td3.pc'
[0.349s] Level 1:colcon.colcon_core.environment:checking '/home/kusi/Downloads/DRL_robot_navigation_ros2/install/td3/lib/python3.8/site-packages'
[0.349s] Level 1:colcon.colcon_core.environment:checking '/home/kusi/Downloads/DRL_robot_navigation_ros2/install/td3/bin'
[0.349s] INFO:colcon.colcon_core.shell:Creating package script '/home/kusi/Downloads/DRL_robot_navigation_ros2/install/td3/share/td3/package.ps1'
[0.349s] INFO:colcon.colcon_core.shell:Creating package descriptor '/home/kusi/Downloads/DRL_robot_navigation_ros2/install/td3/share/td3/package.dsv'
[0.350s] INFO:colcon.colcon_core.shell:Creating package script '/home/kusi/Downloads/DRL_robot_navigation_ros2/install/td3/share/td3/package.sh'
[0.351s] INFO:colcon.colcon_core.shell:Creating package script '/home/kusi/Downloads/DRL_robot_navigation_ros2/install/td3/share/td3/package.bash'
[0.351s] INFO:colcon.colcon_core.shell:Creating package script '/home/kusi/Downloads/DRL_robot_navigation_ros2/install/td3/share/td3/package.zsh'
[0.352s] Level 1:colcon.colcon_core.environment:create_file_with_runtime_dependencies(/home/kusi/Downloads/DRL_robot_navigation_ros2/install/td3/share/colcon-core/packages/td3)
[0.352s] Level 1:colcon.colcon_core.environment:create_environment_scripts_only(velodyne_gazebo_plugins)
[0.352s] Level 1:colcon.colcon_core.environment:checking '/home/kusi/Downloads/DRL_robot_navigation_ros2/install/velodyne_gazebo_plugins' for CMake module files
[0.353s] DEBUG:colcon.colcon_core.event_handler.log_command:Invoked command in '/home/kusi/Downloads/DRL_robot_navigation_ros2/build/velodyne_gazebo_plugins' returned '0': CMAKE_PREFIX_PATH=${CMAKE_PREFIX_PATH}:/opt/ros/foxy /usr/bin/cmake --install /home/kusi/Downloads/DRL_robot_navigation_ros2/build/velodyne_gazebo_plugins
[0.353s] Level 1:colcon.colcon_core.environment:checking '/home/kusi/Downloads/DRL_robot_navigation_ros2/install/velodyne_gazebo_plugins' for CMake config files
[0.353s] Level 1:colcon.colcon_core.shell:create_environment_hook('velodyne_gazebo_plugins', 'cmake_prefix_path')
[0.353s] INFO:colcon.colcon_core.shell:Creating environment hook '/home/kusi/Downloads/DRL_robot_navigation_ros2/install/velodyne_gazebo_plugins/share/velodyne_gazebo_plugins/hook/cmake_prefix_path.ps1'
[0.354s] INFO:colcon.colcon_core.shell:Creating environment descriptor '/home/kusi/Downloads/DRL_robot_navigation_ros2/install/velodyne_gazebo_plugins/share/velodyne_gazebo_plugins/hook/cmake_prefix_path.dsv'
[0.354s] INFO:colcon.colcon_core.shell:Creating environment hook '/home/kusi/Downloads/DRL_robot_navigation_ros2/install/velodyne_gazebo_plugins/share/velodyne_gazebo_plugins/hook/cmake_prefix_path.sh'
[0.354s] Level 1:colcon.colcon_core.environment:checking '/home/kusi/Downloads/DRL_robot_navigation_ros2/install/velodyne_gazebo_plugins/lib'
[0.354s] Level 1:colcon.colcon_core.shell:create_environment_hook('velodyne_gazebo_plugins', 'ld_library_path_lib')
[0.354s] INFO:colcon.colcon_core.shell:Creating environment hook '/home/kusi/Downloads/DRL_robot_navigation_ros2/install/velodyne_gazebo_plugins/share/velodyne_gazebo_plugins/hook/ld_library_path_lib.ps1'
[0.355s] INFO:colcon.colcon_core.shell:Creating environment descriptor '/home/kusi/Downloads/DRL_robot_navigation_ros2/install/velodyne_gazebo_plugins/share/velodyne_gazebo_plugins/hook/ld_library_path_lib.dsv'
[0.355s] INFO:colcon.colcon_core.shell:Creating environment hook '/home/kusi/Downloads/DRL_robot_navigation_ros2/install/velodyne_gazebo_plugins/share/velodyne_gazebo_plugins/hook/ld_library_path_lib.sh'
[0.355s] Level 1:colcon.colcon_core.environment:checking '/home/kusi/Downloads/DRL_robot_navigation_ros2/install/velodyne_gazebo_plugins/bin'
[0.355s] Level 1:colcon.colcon_core.environment:checking '/home/kusi/Downloads/DRL_robot_navigation_ros2/install/velodyne_gazebo_plugins/lib/pkgconfig/velodyne_gazebo_plugins.pc'
[0.355s] Level 1:colcon.colcon_core.environment:checking '/home/kusi/Downloads/DRL_robot_navigation_ros2/install/velodyne_gazebo_plugins/lib/python3.8/site-packages'
[0.355s] Level 1:colcon.colcon_core.environment:checking '/home/kusi/Downloads/DRL_robot_navigation_ros2/install/velodyne_gazebo_plugins/bin'
[0.356s] INFO:colcon.colcon_core.shell:Creating package script '/home/kusi/Downloads/DRL_robot_navigation_ros2/install/velodyne_gazebo_plugins/share/velodyne_gazebo_plugins/package.ps1'
[0.356s] INFO:colcon.colcon_core.shell:Creating package descriptor '/home/kusi/Downloads/DRL_robot_navigation_ros2/install/velodyne_gazebo_plugins/share/velodyne_gazebo_plugins/package.dsv'
[0.356s] INFO:colcon.colcon_core.shell:Creating package script '/home/kusi/Downloads/DRL_robot_navigation_ros2/install/velodyne_gazebo_plugins/share/velodyne_gazebo_plugins/package.sh'
[0.357s] INFO:colcon.colcon_core.shell:Creating package script '/home/kusi/Downloads/DRL_robot_navigation_ros2/install/velodyne_gazebo_plugins/share/velodyne_gazebo_plugins/package.bash'
[0.357s] INFO:colcon.colcon_core.shell:Creating package script '/home/kusi/Downloads/DRL_robot_navigation_ros2/install/velodyne_gazebo_plugins/share/velodyne_gazebo_plugins/package.zsh'
[0.357s] Level 1:colcon.colcon_core.environment:create_file_with_runtime_dependencies(/home/kusi/Downloads/DRL_robot_navigation_ros2/install/velodyne_gazebo_plugins/share/colcon-core/packages/velodyne_gazebo_plugins)
[0.371s] Level 1:colcon.colcon_core.environment:create_environment_scripts_only(velodyne_gazebo_plugins)
[0.371s] Level 1:colcon.colcon_core.environment:checking '/home/kusi/Downloads/DRL_robot_navigation_ros2/install/velodyne_gazebo_plugins' for CMake module files
[0.371s] Level 1:colcon.colcon_core.environment:checking '/home/kusi/Downloads/DRL_robot_navigation_ros2/install/velodyne_gazebo_plugins' for CMake config files
[0.371s] Level 1:colcon.colcon_core.shell:create_environment_hook('velodyne_gazebo_plugins', 'cmake_prefix_path')
[0.371s] INFO:colcon.colcon_core.shell:Creating environment hook '/home/kusi/Downloads/DRL_robot_navigation_ros2/install/velodyne_gazebo_plugins/share/velodyne_gazebo_plugins/hook/cmake_prefix_path.ps1'
[0.372s] INFO:colcon.colcon_core.shell:Creating environment descriptor '/home/kusi/Downloads/DRL_robot_navigation_ros2/install/velodyne_gazebo_plugins/share/velodyne_gazebo_plugins/hook/cmake_prefix_path.dsv'
[0.372s] INFO:colcon.colcon_core.shell:Creating environment hook '/home/kusi/Downloads/DRL_robot_navigation_ros2/install/velodyne_gazebo_plugins/share/velodyne_gazebo_plugins/hook/cmake_prefix_path.sh'
[0.372s] Level 1:colcon.colcon_core.environment:checking '/home/kusi/Downloads/DRL_robot_navigation_ros2/install/velodyne_gazebo_plugins/lib'
[0.372s] Level 1:colcon.colcon_core.shell:create_environment_hook('velodyne_gazebo_plugins', 'ld_library_path_lib')
[0.372s] INFO:colcon.colcon_core.shell:Creating environment hook '/home/kusi/Downloads/DRL_robot_navigation_ros2/install/velodyne_gazebo_plugins/share/velodyne_gazebo_plugins/hook/ld_library_path_lib.ps1'
[0.372s] INFO:colcon.colcon_core.shell:Creating environment descriptor '/home/kusi/Downloads/DRL_robot_navigation_ros2/install/velodyne_gazebo_plugins/share/velodyne_gazebo_plugins/hook/ld_library_path_lib.dsv'
[0.373s] INFO:colcon.colcon_core.shell:Creating environment hook '/home/kusi/Downloads/DRL_robot_navigation_ros2/install/velodyne_gazebo_plugins/share/velodyne_gazebo_plugins/hook/ld_library_path_lib.sh'
[0.373s] Level 1:colcon.colcon_core.environment:checking '/home/kusi/Downloads/DRL_robot_navigation_ros2/install/velodyne_gazebo_plugins/bin'
[0.373s] Level 1:colcon.colcon_core.environment:checking '/home/kusi/Downloads/DRL_robot_navigation_ros2/install/velodyne_gazebo_plugins/lib/pkgconfig/velodyne_gazebo_plugins.pc'
[0.373s] Level 1:colcon.colcon_core.environment:checking '/home/kusi/Downloads/DRL_robot_navigation_ros2/install/velodyne_gazebo_plugins/lib/python3.8/site-packages'
[0.373s] Level 1:colcon.colcon_core.environment:checking '/home/kusi/Downloads/DRL_robot_navigation_ros2/install/velodyne_gazebo_plugins/bin'
[0.373s] INFO:colcon.colcon_core.shell:Creating package script '/home/kusi/Downloads/DRL_robot_navigation_ros2/install/velodyne_gazebo_plugins/share/velodyne_gazebo_plugins/package.ps1'
[0.373s] INFO:colcon.colcon_core.shell:Creating package descriptor '/home/kusi/Downloads/DRL_robot_navigation_ros2/install/velodyne_gazebo_plugins/share/velodyne_gazebo_plugins/package.dsv'
[0.374s] INFO:colcon.colcon_core.shell:Creating package script '/home/kusi/Downloads/DRL_robot_navigation_ros2/install/velodyne_gazebo_plugins/share/velodyne_gazebo_plugins/package.sh'
[0.374s] INFO:colcon.colcon_core.shell:Creating package script '/home/kusi/Downloads/DRL_robot_navigation_ros2/install/velodyne_gazebo_plugins/share/velodyne_gazebo_plugins/package.bash'
[0.374s] INFO:colcon.colcon_core.shell:Creating package script '/home/kusi/Downloads/DRL_robot_navigation_ros2/install/velodyne_gazebo_plugins/share/velodyne_gazebo_plugins/package.zsh'
[0.374s] Level 1:colcon.colcon_core.environment:create_file_with_runtime_dependencies(/home/kusi/Downloads/DRL_robot_navigation_ros2/install/velodyne_gazebo_plugins/share/colcon-core/packages/velodyne_gazebo_plugins)
[0.374s] INFO:colcon.colcon_ros.task.ament_cmake.build:Building ROS package in '/home/kusi/Downloads/DRL_robot_navigation_ros2/src/velodyne_simulator/velodyne_simulator' with build type 'ament_cmake'
[0.375s] INFO:colcon.colcon_cmake.task.cmake.build:Building CMake package in '/home/kusi/Downloads/DRL_robot_navigation_ros2/src/velodyne_simulator/velodyne_simulator'
[0.375s] INFO:colcon.colcon_core.shell:Skip shell extension 'powershell' for command environment: Not usable outside of PowerShell
[0.375s] DEBUG:colcon.colcon_core.shell:Skip shell extension 'dsv' for command environment
[0.382s] DEBUG:colcon.colcon_core.event_handler.log_command:Invoking command in '/home/kusi/Downloads/DRL_robot_navigation_ros2/build/velodyne_simulator': CMAKE_PREFIX_PATH=/home/kusi/Downloads/DRL_robot_navigation_ros2/install/velodyne_gazebo_plugins:/home/kusi/Downloads/DRL_robot_navigation_ros2/install/velodyne_description:/home/kusi/Downloads/DRL_robot_navigation_ros2/install/velodyne_simulator:/home/kusi/Downloads/DRL_robot_navigation_ros2/install/td3:/home/kusi/Documents/DRL_robot_navigation_ros2/install/velodyne_simulator:/home/kusi/Documents/DRL_robot_navigation_ros2/install/velodyne_gazebo_plugins:/home/kusi/Documents/DRL_robot_navigation_ros2/install/velodyne_description:/home/kusi/Documents/DRL_robot_navigation_ros2/install/td3:/opt/ros/foxy /usr/bin/cmake --build /home/kusi/Downloads/DRL_robot_navigation_ros2/build/velodyne_simulator -- -j12 -l12
[0.402s] DEBUG:colcon.colcon_core.event_handler.log_command:Invoked command in '/home/kusi/Downloads/DRL_robot_navigation_ros2/build/velodyne_simulator' returned '0': CMAKE_PREFIX_PATH=/home/kusi/Downloads/DRL_robot_navigation_ros2/install/velodyne_gazebo_plugins:/home/kusi/Downloads/DRL_robot_navigation_ros2/install/velodyne_description:/home/kusi/Downloads/DRL_robot_navigation_ros2/install/velodyne_simulator:/home/kusi/Downloads/DRL_robot_navigation_ros2/install/td3:/home/kusi/Documents/DRL_robot_navigation_ros2/install/velodyne_simulator:/home/kusi/Documents/DRL_robot_navigation_ros2/install/velodyne_gazebo_plugins:/home/kusi/Documents/DRL_robot_navigation_ros2/install/velodyne_description:/home/kusi/Documents/DRL_robot_navigation_ros2/install/td3:/opt/ros/foxy /usr/bin/cmake --build /home/kusi/Downloads/DRL_robot_navigation_ros2/build/velodyne_simulator -- -j12 -l12
[0.414s] DEBUG:colcon.colcon_core.event_handler.log_command:Invoking command in '/home/kusi/Downloads/DRL_robot_navigation_ros2/build/velodyne_simulator': CMAKE_PREFIX_PATH=/home/kusi/Downloads/DRL_robot_navigation_ros2/install/velodyne_gazebo_plugins:/home/kusi/Downloads/DRL_robot_navigation_ros2/install/velodyne_description:/home/kusi/Downloads/DRL_robot_navigation_ros2/install/velodyne_simulator:/home/kusi/Downloads/DRL_robot_navigation_ros2/install/td3:/home/kusi/Documents/DRL_robot_navigation_ros2/install/velodyne_simulator:/home/kusi/Documents/DRL_robot_navigation_ros2/install/velodyne_gazebo_plugins:/home/kusi/Documents/DRL_robot_navigation_ros2/install/velodyne_description:/home/kusi/Documents/DRL_robot_navigation_ros2/install/td3:/opt/ros/foxy /usr/bin/cmake --install /home/kusi/Downloads/DRL_robot_navigation_ros2/build/velodyne_simulator
[0.422s] Level 1:colcon.colcon_core.environment:create_environment_scripts_only(velodyne_simulator)
[0.423s] Level 1:colcon.colcon_core.environment:checking '/home/kusi/Downloads/DRL_robot_navigation_ros2/install/velodyne_simulator' for CMake module files
[0.423s] DEBUG:colcon.colcon_core.event_handler.log_command:Invoked command in '/home/kusi/Downloads/DRL_robot_navigation_ros2/build/velodyne_simulator' returned '0': CMAKE_PREFIX_PATH=/home/kusi/Downloads/DRL_robot_navigation_ros2/install/velodyne_gazebo_plugins:/home/kusi/Downloads/DRL_robot_navigation_ros2/install/velodyne_description:/home/kusi/Downloads/DRL_robot_navigation_ros2/install/velodyne_simulator:/home/kusi/Downloads/DRL_robot_navigation_ros2/install/td3:/home/kusi/Documents/DRL_robot_navigation_ros2/install/velodyne_simulator:/home/kusi/Documents/DRL_robot_navigation_ros2/install/velodyne_gazebo_plugins:/home/kusi/Documents/DRL_robot_navigation_ros2/install/velodyne_description:/home/kusi/Documents/DRL_robot_navigation_ros2/install/td3:/opt/ros/foxy /usr/bin/cmake --install /home/kusi/Downloads/DRL_robot_navigation_ros2/build/velodyne_simulator
[0.423s] Level 1:colcon.colcon_core.environment:checking '/home/kusi/Downloads/DRL_robot_navigation_ros2/install/velodyne_simulator' for CMake config files
[0.423s] Level 1:colcon.colcon_core.shell:create_environment_hook('velodyne_simulator', 'cmake_prefix_path')
[0.424s] INFO:colcon.colcon_core.shell:Creating environment hook '/home/kusi/Downloads/DRL_robot_navigation_ros2/install/velodyne_simulator/share/velodyne_simulator/hook/cmake_prefix_path.ps1'
[0.424s] INFO:colcon.colcon_core.shell:Creating environment descriptor '/home/kusi/Downloads/DRL_robot_navigation_ros2/install/velodyne_simulator/share/velodyne_simulator/hook/cmake_prefix_path.dsv'
[0.424s] INFO:colcon.colcon_core.shell:Creating environment hook '/home/kusi/Downloads/DRL_robot_navigation_ros2/install/velodyne_simulator/share/velodyne_simulator/hook/cmake_prefix_path.sh'
[0.425s] Level 1:colcon.colcon_core.environment:checking '/home/kusi/Downloads/DRL_robot_navigation_ros2/install/velodyne_simulator/bin'
[0.425s] Level 1:colcon.colcon_core.environment:checking '/home/kusi/Downloads/DRL_robot_navigation_ros2/install/velodyne_simulator/lib/pkgconfig/velodyne_simulator.pc'
[0.425s] Level 1:colcon.colcon_core.environment:checking '/home/kusi/Downloads/DRL_robot_navigation_ros2/install/velodyne_simulator/lib/python3.8/site-packages'
[0.425s] Level 1:colcon.colcon_core.environment:checking '/home/kusi/Downloads/DRL_robot_navigation_ros2/install/velodyne_simulator/bin'
[0.426s] INFO:colcon.colcon_core.shell:Creating package script '/home/kusi/Downloads/DRL_robot_navigation_ros2/install/velodyne_simulator/share/velodyne_simulator/package.ps1'
[0.426s] INFO:colcon.colcon_core.shell:Creating package descriptor '/home/kusi/Downloads/DRL_robot_navigation_ros2/install/velodyne_simulator/share/velodyne_simulator/package.dsv'
[0.427s] INFO:colcon.colcon_core.shell:Creating package script '/home/kusi/Downloads/DRL_robot_navigation_ros2/install/velodyne_simulator/share/velodyne_simulator/package.sh'
[0.427s] INFO:colcon.colcon_core.shell:Creating package script '/home/kusi/Downloads/DRL_robot_navigation_ros2/install/velodyne_simulator/share/velodyne_simulator/package.bash'
[0.427s] INFO:colcon.colcon_core.shell:Creating package script '/home/kusi/Downloads/DRL_robot_navigation_ros2/install/velodyne_simulator/share/velodyne_simulator/package.zsh'
[0.427s] Level 1:colcon.colcon_core.environment:create_file_with_runtime_dependencies(/home/kusi/Downloads/DRL_robot_navigation_ros2/install/velodyne_simulator/share/colcon-core/packages/velodyne_simulator)
[0.442s] Level 1:colcon.colcon_core.environment:create_environment_scripts_only(velodyne_simulator)
[0.443s] Level 1:colcon.colcon_core.environment:checking '/home/kusi/Downloads/DRL_robot_navigation_ros2/install/velodyne_simulator' for CMake module files
[0.443s] Level 1:colcon.colcon_core.environment:checking '/home/kusi/Downloads/DRL_robot_navigation_ros2/install/velodyne_simulator' for CMake config files
[0.443s] Level 1:colcon.colcon_core.shell:create_environment_hook('velodyne_simulator', 'cmake_prefix_path')
[0.443s] INFO:colcon.colcon_core.shell:Creating environment hook '/home/kusi/Downloads/DRL_robot_navigation_ros2/install/velodyne_simulator/share/velodyne_simulator/hook/cmake_prefix_path.ps1'
[0.444s] INFO:colcon.colcon_core.shell:Creating environment descriptor '/home/kusi/Downloads/DRL_robot_navigation_ros2/install/velodyne_simulator/share/velodyne_simulator/hook/cmake_prefix_path.dsv'
[0.444s] INFO:colcon.colcon_core.shell:Creating environment hook '/home/kusi/Downloads/DRL_robot_navigation_ros2/install/velodyne_simulator/share/velodyne_simulator/hook/cmake_prefix_path.sh'
[0.444s] Level 1:colcon.colcon_core.environment:checking '/home/kusi/Downloads/DRL_robot_navigation_ros2/install/velodyne_simulator/bin'
[0.444s] Level 1:colcon.colcon_core.environment:checking '/home/kusi/Downloads/DRL_robot_navigation_ros2/install/velodyne_simulator/lib/pkgconfig/velodyne_simulator.pc'
[0.444s] Level 1:colcon.colcon_core.environment:checking '/home/kusi/Downloads/DRL_robot_navigation_ros2/install/velodyne_simulator/lib/python3.8/site-packages'
[0.444s] Level 1:colcon.colcon_core.environment:checking '/home/kusi/Downloads/DRL_robot_navigation_ros2/install/velodyne_simulator/bin'
[0.445s] INFO:colcon.colcon_core.shell:Creating package script '/home/kusi/Downloads/DRL_robot_navigation_ros2/install/velodyne_simulator/share/velodyne_simulator/package.ps1'
[0.445s] INFO:colcon.colcon_core.shell:Creating package descriptor '/home/kusi/Downloads/DRL_robot_navigation_ros2/install/velodyne_simulator/share/velodyne_simulator/package.dsv'
[0.445s] INFO:colcon.colcon_core.shell:Creating package script '/home/kusi/Downloads/DRL_robot_navigation_ros2/install/velodyne_simulator/share/velodyne_simulator/package.sh'
[0.445s] INFO:colcon.colcon_core.shell:Creating package script '/home/kusi/Downloads/DRL_robot_navigation_ros2/install/velodyne_simulator/share/velodyne_simulator/package.bash'
[0.445s] INFO:colcon.colcon_core.shell:Creating package script '/home/kusi/Downloads/DRL_robot_navigation_ros2/install/velodyne_simulator/share/velodyne_simulator/package.zsh'
[0.446s] Level 1:colcon.colcon_core.environment:create_file_with_runtime_dependencies(/home/kusi/Downloads/DRL_robot_navigation_ros2/install/velodyne_simulator/share/colcon-core/packages/velodyne_simulator)
[0.446s] DEBUG:colcon.colcon_parallel_executor.executor.parallel:closing loop
[0.446s] DEBUG:colcon.colcon_parallel_executor.executor.parallel:loop closed
[0.446s] DEBUG:colcon.colcon_parallel_executor.executor.parallel:run_until_complete finished with '0'
[0.446s] DEBUG:colcon.colcon_core.event_reactor:joining thread
[0.449s] INFO:colcon.colcon_core.plugin_system:Skipping extension 'colcon_notification.desktop_notification.terminal_notifier': Not used on non-Darwin systems
[0.450s] INFO:colcon.colcon_core.plugin_system:Skipping extension 'colcon_notification.desktop_notification.win32': Not used on non-Windows systems
[0.450s] INFO:colcon.colcon_notification.desktop_notification:Sending desktop notification using 'notify2'
[0.458s] DEBUG:colcon.colcon_core.event_reactor:joined thread
[0.458s] INFO:colcon.colcon_core.shell:Creating prefix script '/home/kusi/Downloads/DRL_robot_navigation_ros2/install/local_setup.ps1'
[0.459s] INFO:colcon.colcon_core.shell:Creating prefix util module '/home/kusi/Downloads/DRL_robot_navigation_ros2/install/_local_setup_util_ps1.py'
[0.460s] INFO:colcon.colcon_core.shell:Creating prefix chain script '/home/kusi/Downloads/DRL_robot_navigation_ros2/install/setup.ps1'
[0.461s] INFO:colcon.colcon_core.shell:Creating prefix script '/home/kusi/Downloads/DRL_robot_navigation_ros2/install/local_setup.sh'
[0.461s] INFO:colcon.colcon_core.shell:Creating prefix util module '/home/kusi/Downloads/DRL_robot_navigation_ros2/install/_local_setup_util_sh.py'
[0.461s] INFO:colcon.colcon_core.shell:Creating prefix chain script '/home/kusi/Downloads/DRL_robot_navigation_ros2/install/setup.sh'
[0.462s] INFO:colcon.colcon_core.shell:Creating prefix script '/home/kusi/Downloads/DRL_robot_navigation_ros2/install/local_setup.bash'
[0.463s] INFO:colcon.colcon_core.shell:Creating prefix chain script '/home/kusi/Downloads/DRL_robot_navigation_ros2/install/setup.bash'
[0.464s] INFO:colcon.colcon_core.shell:Creating prefix script '/home/kusi/Downloads/DRL_robot_navigation_ros2/install/local_setup.zsh'
[0.464s] INFO:colcon.colcon_core.shell:Creating prefix chain script '/home/kusi/Downloads/DRL_robot_navigation_ros2/install/setup.zsh'
