[0.006s] Invoking command in '/home/kusi/Downloads/DRL_robot_navigation_ros2/build/velodyne_simulator': CMAKE_PREFIX_PATH=/home/kusi/Downloads/DRL_robot_navigation_ros2/install/velodyne_gazebo_plugins:/home/kusi/Downloads/DRL_robot_navigation_ros2/install/velodyne_description:/home/kusi/Downloads/DRL_robot_navigation_ros2/install/velodyne_simulator:/home/kusi/Downloads/DRL_robot_navigation_ros2/install/td3:/home/kusi/Documents/DRL_robot_navigation_ros2/install/velodyne_simulator:/home/kusi/Documents/DRL_robot_navigation_ros2/install/velodyne_gazebo_plugins:/home/kusi/Documents/DRL_robot_navigation_ros2/install/velodyne_description:/home/kusi/Documents/DRL_robot_navigation_ros2/install/td3:/opt/ros/foxy /usr/bin/cmake --build /home/kusi/Downloads/DRL_robot_navigation_ros2/build/velodyne_simulator -- -j12 -l12
[0.026s] Invoked command in '/home/kusi/Downloads/DRL_robot_navigation_ros2/build/velodyne_simulator' returned '0': CMAKE_PREFIX_PATH=/home/kusi/Downloads/DRL_robot_navigation_ros2/install/velodyne_gazebo_plugins:/home/kusi/Downloads/DRL_robot_navigation_ros2/install/velodyne_description:/home/kusi/Downloads/DRL_robot_navigation_ros2/install/velodyne_simulator:/home/kusi/Downloads/DRL_robot_navigation_ros2/install/td3:/home/kusi/Documents/DRL_robot_navigation_ros2/install/velodyne_simulator:/home/kusi/Documents/DRL_robot_navigation_ros2/install/velodyne_gazebo_plugins:/home/kusi/Documents/DRL_robot_navigation_ros2/install/velodyne_description:/home/kusi/Documents/DRL_robot_navigation_ros2/install/td3:/opt/ros/foxy /usr/bin/cmake --build /home/kusi/Downloads/DRL_robot_navigation_ros2/build/velodyne_simulator -- -j12 -l12
[0.038s] Invoking command in '/home/kusi/Downloads/DRL_robot_navigation_ros2/build/velodyne_simulator': CMAKE_PREFIX_PATH=/home/kusi/Downloads/DRL_robot_navigation_ros2/install/velodyne_gazebo_plugins:/home/kusi/Downloads/DRL_robot_navigation_ros2/install/velodyne_description:/home/kusi/Downloads/DRL_robot_navigation_ros2/install/velodyne_simulator:/home/kusi/Downloads/DRL_robot_navigation_ros2/install/td3:/home/kusi/Documents/DRL_robot_navigation_ros2/install/velodyne_simulator:/home/kusi/Documents/DRL_robot_navigation_ros2/install/velodyne_gazebo_plugins:/home/kusi/Documents/DRL_robot_navigation_ros2/install/velodyne_description:/home/kusi/Documents/DRL_robot_navigation_ros2/install/td3:/opt/ros/foxy /usr/bin/cmake --install /home/kusi/Downloads/DRL_robot_navigation_ros2/build/velodyne_simulator
[0.043s] -- Install configuration: ""
[0.043s] -- Up-to-date: /home/kusi/Downloads/DRL_robot_navigation_ros2/install/velodyne_simulator/share/ament_index/resource_index/package_run_dependencies/velodyne_simulator
[0.044s] -- Up-to-date: /home/kusi/Downloads/DRL_robot_navigation_ros2/install/velodyne_simulator/share/ament_index/resource_index/parent_prefix_path/velodyne_simulator
[0.044s] -- Up-to-date: /home/kusi/Downloads/DRL_robot_navigation_ros2/install/velodyne_simulator/share/velodyne_simulator/environment/ament_prefix_path.sh
[0.044s] -- Up-to-date: /home/kusi/Downloads/DRL_robot_navigation_ros2/install/velodyne_simulator/share/velodyne_simulator/environment/ament_prefix_path.dsv
[0.044s] -- Up-to-date: /home/kusi/Downloads/DRL_robot_navigation_ros2/install/velodyne_simulator/share/velodyne_simulator/environment/path.sh
[0.044s] -- Up-to-date: /home/kusi/Downloads/DRL_robot_navigation_ros2/install/velodyne_simulator/share/velodyne_simulator/environment/path.dsv
[0.044s] -- Up-to-date: /home/kusi/Downloads/DRL_robot_navigation_ros2/install/velodyne_simulator/share/velodyne_simulator/local_setup.bash
[0.044s] -- Up-to-date: /home/kusi/Downloads/DRL_robot_navigation_ros2/install/velodyne_simulator/share/velodyne_simulator/local_setup.sh
[0.044s] -- Up-to-date: /home/kusi/Downloads/DRL_robot_navigation_ros2/install/velodyne_simulator/share/velodyne_simulator/local_setup.zsh
[0.044s] -- Up-to-date: /home/kusi/Downloads/DRL_robot_navigation_ros2/install/velodyne_simulator/share/velodyne_simulator/local_setup.dsv
[0.044s] -- Installing: /home/kusi/Downloads/DRL_robot_navigation_ros2/install/velodyne_simulator/share/velodyne_simulator/package.dsv
[0.044s] -- Up-to-date: /home/kusi/Downloads/DRL_robot_navigation_ros2/install/velodyne_simulator/share/ament_index/resource_index/packages/velodyne_simulator
[0.044s] -- Up-to-date: /home/kusi/Downloads/DRL_robot_navigation_ros2/install/velodyne_simulator/share/velodyne_simulator/cmake/velodyne_simulatorConfig.cmake
[0.044s] -- Up-to-date: /home/kusi/Downloads/DRL_robot_navigation_ros2/install/velodyne_simulator/share/velodyne_simulator/cmake/velodyne_simulatorConfig-version.cmake
[0.044s] -- Up-to-date: /home/kusi/Downloads/DRL_robot_navigation_ros2/install/velodyne_simulator/share/velodyne_simulator/package.xml
[0.045s] Invoked command in '/home/kusi/Downloads/DRL_robot_navigation_ros2/build/velodyne_simulator' returned '0': CMAKE_PREFIX_PATH=/home/kusi/Downloads/DRL_robot_navigation_ros2/install/velodyne_gazebo_plugins:/home/kusi/Downloads/DRL_robot_navigation_ros2/install/velodyne_description:/home/kusi/Downloads/DRL_robot_navigation_ros2/install/velodyne_simulator:/home/kusi/Downloads/DRL_robot_navigation_ros2/install/td3:/home/kusi/Documents/DRL_robot_navigation_ros2/install/velodyne_simulator:/home/kusi/Documents/DRL_robot_navigation_ros2/install/velodyne_gazebo_plugins:/home/kusi/Documents/DRL_robot_navigation_ros2/install/velodyne_description:/home/kusi/Documents/DRL_robot_navigation_ros2/install/td3:/opt/ros/foxy /usr/bin/cmake --install /home/kusi/Downloads/DRL_robot_navigation_ros2/build/velodyne_simulator
