[0.012s] Invoking command in '/home/kusi/Downloads/DRL_robot_navigation_ros2/build/velodyne_description': CMAKE_PREFIX_PATH=${CMAKE_PREFIX_PATH}:/opt/ros/foxy /usr/bin/cmake /home/kusi/Downloads/DRL_robot_navigation_ros2/src/velodyne_simulator/velodyne_description -DCMAKE_INSTALL_PREFIX=/home/kusi/Downloads/DRL_robot_navigation_ros2/install/velodyne_description
[0.195s] -- The C compiler identification is GNU 9.4.0
[0.359s] -- The CXX compiler identification is GNU 9.4.0
[0.365s] -- Check for working C compiler: /usr/bin/cc
[0.405s] -- Check for working C compiler: /usr/bin/cc -- works
[0.406s] -- Detecting C compiler ABI info
[0.451s] -- Detecting C compiler ABI info - done
[0.464s] -- Detecting C compile features
[0.465s] -- Detecting C compile features - done
[0.467s] -- Check for working CXX compiler: /usr/bin/c++
[0.516s] -- Check for working CXX compiler: /usr/bin/c++ -- works
[0.517s] -- Detecting CXX compiler ABI info
[0.563s] -- Detecting CXX compiler ABI info - done
[0.575s] -- Detecting CXX compile features
[0.576s] -- Detecting CXX compile features - done
[0.577s] -- Found ament_cmake: 0.9.12 (/opt/ros/foxy/share/ament_cmake/cmake)
[0.593s] -- Found PythonInterp: /usr/bin/python3 (found suitable version "3.8.10", minimum required is "3") 
[0.593s] -- Using PYTHON_EXECUTABLE: /usr/bin/python3
[0.705s] -- Found PkgConfig: /usr/bin/pkg-config (found version "0.29.1") 
[0.707s] -- Checking for module 'bullet>=2.82'
[0.718s] --   Found bullet, version 2.88
[0.795s] -- Found ccd: /usr/include (found suitable version "2.0", minimum required is "2.0") 
[0.827s] -- Found fcl: /usr/include (found suitable version "0.5.0", minimum required is "0.3.2") 
[0.862s] -- Found assimp: /usr/include (found version "5.0.0") 
[0.902s] -- Found DART: /usr/include (Required is at least version "6.6") found components: dart 
[1.107s] -- Found Boost: /usr/lib/x86_64-linux-gnu/cmake/Boost-1.71.0/BoostConfig.cmake (found suitable version "1.71.0", minimum required is "1.40.0") found components: thread system filesystem program_options regex iostreams date_time 
[1.125s] -- Found Protobuf: /usr/lib/x86_64-linux-gnu/libprotobuf.so;-lpthread (found version "3.6.1") 
[1.129s] -- Looking for ignition-math6 -- found version 6.15.1
[1.135s] -- Searching for dependencies of ignition-math6
[1.136s] -- Looking for OGRE...
[1.136s] -- OGRE_PREFIX_WATCH changed.
[1.139s] -- Checking for module 'OGRE'
[1.146s] --   Found OGRE, version 1.9.0
[1.165s] -- Found Ogre Ghadamon (1.9.0)
[1.170s] -- Found OGRE: optimized;/usr/lib/x86_64-linux-gnu/libOgreMain.so;debug;/usr/lib/x86_64-linux-gnu/libOgreMain.so
[1.176s] -- Looking for OGRE_Paging...
[1.180s] -- Found OGRE_Paging: optimized;/usr/lib/x86_64-linux-gnu/libOgrePaging.so;debug;/usr/lib/x86_64-linux-gnu/libOgrePaging.so
[1.180s] -- Looking for OGRE_Terrain...
[1.183s] -- Found OGRE_Terrain: optimized;/usr/lib/x86_64-linux-gnu/libOgreTerrain.so;debug;/usr/lib/x86_64-linux-gnu/libOgreTerrain.so
[1.183s] -- Looking for OGRE_Property...
[1.186s] -- Found OGRE_Property: optimized;/usr/lib/x86_64-linux-gnu/libOgreProperty.so;debug;/usr/lib/x86_64-linux-gnu/libOgreProperty.so
[1.186s] -- Looking for OGRE_RTShaderSystem...
[1.190s] -- Found OGRE_RTShaderSystem: optimized;/usr/lib/x86_64-linux-gnu/libOgreRTShaderSystem.so;debug;/usr/lib/x86_64-linux-gnu/libOgreRTShaderSystem.so
[1.190s] -- Looking for OGRE_Volume...
[1.193s] -- Found OGRE_Volume: optimized;/usr/lib/x86_64-linux-gnu/libOgreVolume.so;debug;/usr/lib/x86_64-linux-gnu/libOgreVolume.so
[1.193s] -- Looking for OGRE_Overlay...
[1.196s] -- Found OGRE_Overlay: optimized;/usr/lib/x86_64-linux-gnu/libOgreOverlay.so;debug;/usr/lib/x86_64-linux-gnu/libOgreOverlay.so
[1.266s] -- Looking for ignition-math6 -- found version 6.15.1
[1.267s] -- Looking for ignition-transport8 -- found version 8.3.0
[1.267s] -- Searching for dependencies of ignition-transport8
[1.278s] -- Found Protobuf: /usr/lib/x86_64-linux-gnu/libprotobuf.so;-lpthread (found suitable version "3.6.1", minimum required is "3") 
[1.284s] -- Config-file not installed for ZeroMQ -- checking for pkg-config
[1.287s] -- Checking for module 'libzmq >= 4'
[1.296s] --   Found libzmq , version 4.3.2
[1.316s] -- Found ZeroMQ: TRUE (Required is at least version "4") 
[1.319s] -- Checking for module 'uuid'
[1.327s] --   Found uuid, version 2.34.0
[1.346s] -- Found UUID: TRUE  
[1.347s] -- Looking for ignition-msgs5 -- found version 5.10.0
[1.348s] -- Searching for dependencies of ignition-msgs5
[1.359s] -- Looking for ignition-math6 -- found version 6.15.1
[1.362s] -- Checking for module 'tinyxml2'
[1.369s] --   Found tinyxml2, version 6.2.0
[1.389s] -- Looking for ignition-msgs5 -- found version 5.10.0
[1.390s] -- Looking for ignition-common3 -- found version 3.14.2
[1.391s] -- Searching for dependencies of ignition-common3
[1.391s] -- Looking for dlfcn.h - found
[1.391s] -- Looking for libdl - found
[1.393s] -- Found DL: TRUE  
[1.398s] -- Searching for <ignition-common3> component [graphics]
[1.399s] -- Looking for ignition-common3-graphics -- found version 3.14.2
[1.399s] -- Searching for dependencies of ignition-common3-graphics
[1.399s] -- Looking for ignition-math6 -- found version 6.15.1
[1.401s] -- Looking for ignition-fuel_tools4 -- found version 4.6.0
[1.401s] -- Searching for dependencies of ignition-fuel_tools4
[1.440s] -- Found CURL: /usr/lib/x86_64-linux-gnu/libcurl.so (found version "7.68.0")  
[1.445s] -- Checking for module 'jsoncpp'
[1.453s] --   Found jsoncpp, version 1.7.4
[1.471s] -- Found JSONCPP: TRUE  
[1.476s] -- Checking for module 'libzip'
[1.483s] --   Found libzip, version 1.5.1
[1.502s] -- Found ZIP: TRUE  
[1.502s] -- Looking for ignition-common3 -- found version 3.14.2
[1.502s] -- Looking for ignition-math6 -- found version 6.15.1
[1.502s] -- Looking for ignition-msgs5 -- found version 5.10.0
[1.504s] -- Found gazebo_ros_pkgs: 3.5.3 (/opt/ros/foxy/share/gazebo_ros_pkgs/cmake)
[1.540s] -- Configuring done
[1.542s] -- Generating done
[1.543s] -- Build files have been written to: /home/kusi/Downloads/DRL_robot_navigation_ros2/build/velodyne_description
[1.549s] Invoked command in '/home/kusi/Downloads/DRL_robot_navigation_ros2/build/velodyne_description' returned '0': CMAKE_PREFIX_PATH=${CMAKE_PREFIX_PATH}:/opt/ros/foxy /usr/bin/cmake /home/kusi/Downloads/DRL_robot_navigation_ros2/src/velodyne_simulator/velodyne_description -DCMAKE_INSTALL_PREFIX=/home/kusi/Downloads/DRL_robot_navigation_ros2/install/velodyne_description
[1.549s] Invoking command in '/home/kusi/Downloads/DRL_robot_navigation_ros2/build/velodyne_description': CMAKE_PREFIX_PATH=${CMAKE_PREFIX_PATH}:/opt/ros/foxy /usr/bin/cmake --build /home/kusi/Downloads/DRL_robot_navigation_ros2/build/velodyne_description -- -j12 -l12
[1.571s] Invoked command in '/home/kusi/Downloads/DRL_robot_navigation_ros2/build/velodyne_description' returned '0': CMAKE_PREFIX_PATH=${CMAKE_PREFIX_PATH}:/opt/ros/foxy /usr/bin/cmake --build /home/kusi/Downloads/DRL_robot_navigation_ros2/build/velodyne_description -- -j12 -l12
[1.584s] Invoking command in '/home/kusi/Downloads/DRL_robot_navigation_ros2/build/velodyne_description': CMAKE_PREFIX_PATH=${CMAKE_PREFIX_PATH}:/opt/ros/foxy /usr/bin/cmake --install /home/kusi/Downloads/DRL_robot_navigation_ros2/build/velodyne_description
[1.589s] -- Install configuration: ""
[1.589s] -- Installing: /home/kusi/Downloads/DRL_robot_navigation_ros2/install/velodyne_description/share/ament_index/resource_index/package_run_dependencies/velodyne_description
[1.589s] -- Installing: /home/kusi/Downloads/DRL_robot_navigation_ros2/install/velodyne_description/share/ament_index/resource_index/parent_prefix_path/velodyne_description
[1.589s] -- Installing: /home/kusi/Downloads/DRL_robot_navigation_ros2/install/velodyne_description/share/velodyne_description/environment/ament_prefix_path.sh
[1.589s] -- Installing: /home/kusi/Downloads/DRL_robot_navigation_ros2/install/velodyne_description/share/velodyne_description/environment/ament_prefix_path.dsv
[1.589s] -- Installing: /home/kusi/Downloads/DRL_robot_navigation_ros2/install/velodyne_description/share/velodyne_description/environment/path.sh
[1.589s] -- Installing: /home/kusi/Downloads/DRL_robot_navigation_ros2/install/velodyne_description/share/velodyne_description/environment/path.dsv
[1.589s] -- Installing: /home/kusi/Downloads/DRL_robot_navigation_ros2/install/velodyne_description/share/velodyne_description/local_setup.bash
[1.589s] -- Installing: /home/kusi/Downloads/DRL_robot_navigation_ros2/install/velodyne_description/share/velodyne_description/local_setup.sh
[1.589s] -- Installing: /home/kusi/Downloads/DRL_robot_navigation_ros2/install/velodyne_description/share/velodyne_description/local_setup.zsh
[1.590s] -- Installing: /home/kusi/Downloads/DRL_robot_navigation_ros2/install/velodyne_description/share/velodyne_description/local_setup.dsv
[1.590s] -- Installing: /home/kusi/Downloads/DRL_robot_navigation_ros2/install/velodyne_description/share/velodyne_description/package.dsv
[1.590s] -- Installing: /home/kusi/Downloads/DRL_robot_navigation_ros2/install/velodyne_description/share/ament_index/resource_index/packages/velodyne_description
[1.590s] -- Installing: /home/kusi/Downloads/DRL_robot_navigation_ros2/install/velodyne_description/share/velodyne_description/cmake/ament_cmake_export_dependencies-extras.cmake
[1.590s] -- Installing: /home/kusi/Downloads/DRL_robot_navigation_ros2/install/velodyne_description/share/velodyne_description/cmake/velodyne_descriptionConfig.cmake
[1.590s] -- Installing: /home/kusi/Downloads/DRL_robot_navigation_ros2/install/velodyne_description/share/velodyne_description/cmake/velodyne_descriptionConfig-version.cmake
[1.590s] -- Installing: /home/kusi/Downloads/DRL_robot_navigation_ros2/install/velodyne_description/share/velodyne_description/package.xml
[1.590s] -- Installing: /home/kusi/Downloads/DRL_robot_navigation_ros2/install/velodyne_description/share/velodyne_description/launch
[1.590s] -- Installing: /home/kusi/Downloads/DRL_robot_navigation_ros2/install/velodyne_description/share/velodyne_description/launch/example-launch.py
[1.590s] -- Installing: /home/kusi/Downloads/DRL_robot_navigation_ros2/install/velodyne_description/share/velodyne_description/meshes
[1.590s] -- Installing: /home/kusi/Downloads/DRL_robot_navigation_ros2/install/velodyne_description/share/velodyne_description/meshes/VLP16_scan.dae
[1.591s] -- Installing: /home/kusi/Downloads/DRL_robot_navigation_ros2/install/velodyne_description/share/velodyne_description/meshes/VLP16_scan.stl
[1.591s] -- Installing: /home/kusi/Downloads/DRL_robot_navigation_ros2/install/velodyne_description/share/velodyne_description/meshes/VLP16_base_1.stl
[1.591s] -- Installing: /home/kusi/Downloads/DRL_robot_navigation_ros2/install/velodyne_description/share/velodyne_description/meshes/VLP16_base_1.dae
[1.592s] -- Installing: /home/kusi/Downloads/DRL_robot_navigation_ros2/install/velodyne_description/share/velodyne_description/meshes/HDL32E_scan.dae
[1.593s] -- Installing: /home/kusi/Downloads/DRL_robot_navigation_ros2/install/velodyne_description/share/velodyne_description/meshes/HDL32E_base.stl
[1.594s] -- Installing: /home/kusi/Downloads/DRL_robot_navigation_ros2/install/velodyne_description/share/velodyne_description/meshes/HDL32E_scan.stl
[1.594s] -- Installing: /home/kusi/Downloads/DRL_robot_navigation_ros2/install/velodyne_description/share/velodyne_description/meshes/HDL32E_base.dae
[1.595s] -- Installing: /home/kusi/Downloads/DRL_robot_navigation_ros2/install/velodyne_description/share/velodyne_description/meshes/VLP16_base_2.stl
[1.595s] -- Installing: /home/kusi/Downloads/DRL_robot_navigation_ros2/install/velodyne_description/share/velodyne_description/meshes/VLP16_base_2.dae
[1.596s] -- Installing: /home/kusi/Downloads/DRL_robot_navigation_ros2/install/velodyne_description/share/velodyne_description/rviz
[1.596s] -- Installing: /home/kusi/Downloads/DRL_robot_navigation_ros2/install/velodyne_description/share/velodyne_description/rviz/example.rviz
[1.596s] -- Installing: /home/kusi/Downloads/DRL_robot_navigation_ros2/install/velodyne_description/share/velodyne_description/urdf
[1.596s] -- Installing: /home/kusi/Downloads/DRL_robot_navigation_ros2/install/velodyne_description/share/velodyne_description/urdf/HDL-32E.urdf.xacro
[1.596s] -- Installing: /home/kusi/Downloads/DRL_robot_navigation_ros2/install/velodyne_description/share/velodyne_description/urdf/VLP-16.urdf.xacro
[1.597s] -- Installing: /home/kusi/Downloads/DRL_robot_navigation_ros2/install/velodyne_description/share/velodyne_description/urdf/example.urdf.xacro
[1.597s] -- Installing: /home/kusi/Downloads/DRL_robot_navigation_ros2/install/velodyne_description/share/velodyne_description/urdf/VLP-32C.urdf.xacro
[1.597s] -- Installing: /home/kusi/Downloads/DRL_robot_navigation_ros2/install/velodyne_description/share/velodyne_description/world
[1.597s] -- Installing: /home/kusi/Downloads/DRL_robot_navigation_ros2/install/velodyne_description/share/velodyne_description/world/example.world
[1.597s] -- Installing: /home/kusi/Downloads/DRL_robot_navigation_ros2/install/velodyne_description/share/velodyne_description/world/lio_sam.model
[1.597s] -- Installing: /home/kusi/Downloads/DRL_robot_navigation_ros2/install/velodyne_description/share/velodyne_description/models
[1.597s] -- Installing: /home/kusi/Downloads/DRL_robot_navigation_ros2/install/velodyne_description/share/velodyne_description/models/rs_robot
[1.597s] -- Installing: /home/kusi/Downloads/DRL_robot_navigation_ros2/install/velodyne_description/share/velodyne_description/models/rs_robot/rs_robot.sdf
[1.597s] -- Installing: /home/kusi/Downloads/DRL_robot_navigation_ros2/install/velodyne_description/share/velodyne_description/models/rs_robot/meshes
[1.598s] -- Installing: /home/kusi/Downloads/DRL_robot_navigation_ros2/install/velodyne_description/share/velodyne_description/models/rs_robot/meshes/STL
[1.598s] -- Installing: /home/kusi/Downloads/DRL_robot_navigation_ros2/install/velodyne_description/share/velodyne_description/models/rs_robot/meshes/STL/sensors
[1.598s] -- Installing: /home/kusi/Downloads/DRL_robot_navigation_ros2/install/velodyne_description/share/velodyne_description/models/rs_robot/meshes/STL/sensors/gps
[1.598s] -- Installing: /home/kusi/Downloads/DRL_robot_navigation_ros2/install/velodyne_description/share/velodyne_description/models/rs_robot/meshes/STL/sensors/gps/gps.stl
[1.599s] -- Installing: /home/kusi/Downloads/DRL_robot_navigation_ros2/install/velodyne_description/share/velodyne_description/models/rs_robot/meshes/STL/sensors/front_lrf
[1.599s] -- Installing: /home/kusi/Downloads/DRL_robot_navigation_ros2/install/velodyne_description/share/velodyne_description/models/rs_robot/meshes/STL/sensors/front_lrf/front_lrf.stl
[1.604s] -- Installing: /home/kusi/Downloads/DRL_robot_navigation_ros2/install/velodyne_description/share/velodyne_description/models/rs_robot/meshes/STL/sensors/rear_lrf
[1.604s] -- Installing: /home/kusi/Downloads/DRL_robot_navigation_ros2/install/velodyne_description/share/velodyne_description/models/rs_robot/meshes/STL/sensors/rear_lrf/rear_lrf.stl
[1.605s] -- Installing: /home/kusi/Downloads/DRL_robot_navigation_ros2/install/velodyne_description/share/velodyne_description/models/rs_robot/meshes/STL/sensors/camera
[1.605s] -- Installing: /home/kusi/Downloads/DRL_robot_navigation_ros2/install/velodyne_description/share/velodyne_description/models/rs_robot/meshes/STL/sensors/gim30
[1.605s] -- Installing: /home/kusi/Downloads/DRL_robot_navigation_ros2/install/velodyne_description/share/velodyne_description/models/rs_robot/meshes/STL/sensors/gim30/gim30.stl
[1.616s] -- Installing: /home/kusi/Downloads/DRL_robot_navigation_ros2/install/velodyne_description/share/velodyne_description/models/rs_robot/meshes/STL/lidar_head
[1.616s] -- Installing: /home/kusi/Downloads/DRL_robot_navigation_ros2/install/velodyne_description/share/velodyne_description/models/rs_robot/meshes/STL/lidar_head/YDlidar_head v4.stl
[1.617s] -- Installing: /home/kusi/Downloads/DRL_robot_navigation_ros2/install/velodyne_description/share/velodyne_description/models/rs_robot/meshes/STL/lidar_base
[1.617s] -- Installing: /home/kusi/Downloads/DRL_robot_navigation_ros2/install/velodyne_description/share/velodyne_description/models/rs_robot/meshes/STL/lidar_base/YDlidar_base.stl
[1.618s] -- Installing: /home/kusi/Downloads/DRL_robot_navigation_ros2/install/velodyne_description/share/velodyne_description/models/rs_robot/meshes/STL/base
[1.618s] -- Installing: /home/kusi/Downloads/DRL_robot_navigation_ros2/install/velodyne_description/share/velodyne_description/models/rs_robot/meshes/STL/base/base_link_old.stl
[1.619s] -- Installing: /home/kusi/Downloads/DRL_robot_navigation_ros2/install/velodyne_description/share/velodyne_description/models/rs_robot/meshes/STL/base/base_link.stl
[1.619s] -- Installing: /home/kusi/Downloads/DRL_robot_navigation_ros2/install/velodyne_description/share/velodyne_description/models/rs_robot/meshes/STL/suspension
[1.619s] -- Installing: /home/kusi/Downloads/DRL_robot_navigation_ros2/install/velodyne_description/share/velodyne_description/models/rs_robot/meshes/STL/suspension/FRONT_RIGHT_LINKSTL.stl
[1.620s] -- Installing: /home/kusi/Downloads/DRL_robot_navigation_ros2/install/velodyne_description/share/velodyne_description/models/rs_robot/meshes/STL/suspension/sus_link.stl
[1.620s] -- Installing: /home/kusi/Downloads/DRL_robot_navigation_ros2/install/velodyne_description/share/velodyne_description/models/rs_robot/meshes/STL/suspension/REAR_RIGHT_LINKSTL.stl
[1.621s] -- Installing: /home/kusi/Downloads/DRL_robot_navigation_ros2/install/velodyne_description/share/velodyne_description/models/rs_robot/meshes/STL/suspension/FRONT_LEFT_LINKSTL.stl
[1.622s] -- Installing: /home/kusi/Downloads/DRL_robot_navigation_ros2/install/velodyne_description/share/velodyne_description/models/rs_robot/meshes/STL/suspension/REAR_LEFT_LINKSTL.stl
[1.623s] -- Installing: /home/kusi/Downloads/DRL_robot_navigation_ros2/install/velodyne_description/share/velodyne_description/models/rs_robot/meshes/STL/wheel
[1.623s] -- Installing: /home/kusi/Downloads/DRL_robot_navigation_ros2/install/velodyne_description/share/velodyne_description/models/rs_robot/meshes/STL/wheel/robot_wheel.stl
[1.623s] -- Installing: /home/kusi/Downloads/DRL_robot_navigation_ros2/install/velodyne_description/share/velodyne_description/models/rs_robot/meshes/DAE
[1.623s] -- Installing: /home/kusi/Downloads/DRL_robot_navigation_ros2/install/velodyne_description/share/velodyne_description/models/rs_robot/meshes/DAE/sensors
[1.623s] -- Installing: /home/kusi/Downloads/DRL_robot_navigation_ros2/install/velodyne_description/share/velodyne_description/models/rs_robot/meshes/DAE/sensors/gps
[1.623s] -- Installing: /home/kusi/Downloads/DRL_robot_navigation_ros2/install/velodyne_description/share/velodyne_description/models/rs_robot/meshes/DAE/sensors/gps/gps_texture.png
[1.623s] -- Installing: /home/kusi/Downloads/DRL_robot_navigation_ros2/install/velodyne_description/share/velodyne_description/models/rs_robot/meshes/DAE/sensors/gps/gps.dae
[1.628s] -- Installing: /home/kusi/Downloads/DRL_robot_navigation_ros2/install/velodyne_description/share/velodyne_description/models/rs_robot/meshes/DAE/sensors/front_lrf
[1.628s] -- Installing: /home/kusi/Downloads/DRL_robot_navigation_ros2/install/velodyne_description/share/velodyne_description/models/rs_robot/meshes/DAE/sensors/front_lrf/front_lrf.dae
[1.642s] -- Installing: /home/kusi/Downloads/DRL_robot_navigation_ros2/install/velodyne_description/share/velodyne_description/models/rs_robot/meshes/DAE/sensors/front_lrf/lrf_texture.png
[1.643s] -- Installing: /home/kusi/Downloads/DRL_robot_navigation_ros2/install/velodyne_description/share/velodyne_description/models/rs_robot/meshes/DAE/sensors/rear_lrf
[1.643s] -- Installing: /home/kusi/Downloads/DRL_robot_navigation_ros2/install/velodyne_description/share/velodyne_description/models/rs_robot/meshes/DAE/sensors/rear_lrf/rear_lrf.dae
[1.646s] -- Installing: /home/kusi/Downloads/DRL_robot_navigation_ros2/install/velodyne_description/share/velodyne_description/models/rs_robot/meshes/DAE/sensors/rear_lrf/urg_texture.png
[1.646s] -- Installing: /home/kusi/Downloads/DRL_robot_navigation_ros2/install/velodyne_description/share/velodyne_description/models/rs_robot/meshes/DAE/sensors/camera
[1.646s] -- Installing: /home/kusi/Downloads/DRL_robot_navigation_ros2/install/velodyne_description/share/velodyne_description/models/rs_robot/meshes/DAE/sensors/camera/camera.dae
[1.647s] -- Installing: /home/kusi/Downloads/DRL_robot_navigation_ros2/install/velodyne_description/share/velodyne_description/models/rs_robot/meshes/DAE/sensors/gim30
[1.647s] -- Installing: /home/kusi/Downloads/DRL_robot_navigation_ros2/install/velodyne_description/share/velodyne_description/models/rs_robot/meshes/DAE/sensors/gim30/gim30_lrf_texture.png
[1.647s] -- Installing: /home/kusi/Downloads/DRL_robot_navigation_ros2/install/velodyne_description/share/velodyne_description/models/rs_robot/meshes/DAE/sensors/gim30/gim30.dae
[1.677s] -- Installing: /home/kusi/Downloads/DRL_robot_navigation_ros2/install/velodyne_description/share/velodyne_description/models/rs_robot/meshes/DAE/lidar_head
[1.677s] -- Installing: /home/kusi/Downloads/DRL_robot_navigation_ros2/install/velodyne_description/share/velodyne_description/models/rs_robot/meshes/DAE/lidar_head/YDlidar_head.dae
[1.677s] -- Installing: /home/kusi/Downloads/DRL_robot_navigation_ros2/install/velodyne_description/share/velodyne_description/models/rs_robot/meshes/DAE/lidar_base
[1.678s] -- Installing: /home/kusi/Downloads/DRL_robot_navigation_ros2/install/velodyne_description/share/velodyne_description/models/rs_robot/meshes/DAE/lidar_base/YDlidar_base.dae
[1.679s] -- Installing: /home/kusi/Downloads/DRL_robot_navigation_ros2/install/velodyne_description/share/velodyne_description/models/rs_robot/meshes/DAE/base
[1.679s] -- Installing: /home/kusi/Downloads/DRL_robot_navigation_ros2/install/velodyne_description/share/velodyne_description/models/rs_robot/meshes/DAE/base/base_linkOLD.dae
[1.691s] -- Installing: /home/kusi/Downloads/DRL_robot_navigation_ros2/install/velodyne_description/share/velodyne_description/models/rs_robot/meshes/DAE/base/base_link.dae
[1.701s] -- Installing: /home/kusi/Downloads/DRL_robot_navigation_ros2/install/velodyne_description/share/velodyne_description/models/rs_robot/meshes/DAE/suspension
[1.701s] -- Installing: /home/kusi/Downloads/DRL_robot_navigation_ros2/install/velodyne_description/share/velodyne_description/models/rs_robot/meshes/DAE/suspension/front_right_link.dae
[1.705s] -- Installing: /home/kusi/Downloads/DRL_robot_navigation_ros2/install/velodyne_description/share/velodyne_description/models/rs_robot/meshes/DAE/suspension/rear_right_link.dae
[1.708s] -- Installing: /home/kusi/Downloads/DRL_robot_navigation_ros2/install/velodyne_description/share/velodyne_description/models/rs_robot/meshes/DAE/suspension/rear_left_link.dae
[1.710s] -- Installing: /home/kusi/Downloads/DRL_robot_navigation_ros2/install/velodyne_description/share/velodyne_description/models/rs_robot/meshes/DAE/suspension/front_left_link.dae
[1.713s] -- Installing: /home/kusi/Downloads/DRL_robot_navigation_ros2/install/velodyne_description/share/velodyne_description/models/rs_robot/meshes/DAE/wheel
[1.714s] -- Installing: /home/kusi/Downloads/DRL_robot_navigation_ros2/install/velodyne_description/share/velodyne_description/models/rs_robot/meshes/DAE/wheel/wheel_link.dae
[1.717s] -- Installing: /home/kusi/Downloads/DRL_robot_navigation_ros2/install/velodyne_description/share/velodyne_description/models/rs_robot/model.config
[1.719s] Invoked command in '/home/kusi/Downloads/DRL_robot_navigation_ros2/build/velodyne_description' returned '0': CMAKE_PREFIX_PATH=${CMAKE_PREFIX_PATH}:/opt/ros/foxy /usr/bin/cmake --install /home/kusi/Downloads/DRL_robot_navigation_ros2/build/velodyne_description
