[0.014s] Invoking command in '/home/kusi/Downloads/DRL_robot_navigation_ros2/build/td3': CMAKE_PREFIX_PATH=${CMAKE_PREFIX_PATH}:/opt/ros/foxy /usr/bin/cmake --build /home/kusi/Downloads/DRL_robot_navigation_ros2/build/td3 -- -j12 -l12
[0.079s] Invoked command in '/home/kusi/Downloads/DRL_robot_navigation_ros2/build/td3' returned '0': CMAKE_PREFIX_PATH=${CMAKE_PREFIX_PATH}:/opt/ros/foxy /usr/bin/cmake --build /home/kusi/Downloads/DRL_robot_navigation_ros2/build/td3 -- -j12 -l12
[0.097s] Invoking command in '/home/kusi/Downloads/DRL_robot_navigation_ros2/build/td3': CMAKE_PREFIX_PATH=${CMAKE_PREFIX_PATH}:/opt/ros/foxy /usr/bin/cmake --install /home/kusi/Downloads/DRL_robot_navigation_ros2/build/td3
[0.103s] -- Install configuration: ""
[0.103s] -- Up-to-date: /home/kusi/Downloads/DRL_robot_navigation_ros2/install/td3/share/td3//launch
[0.103s] -- Up-to-date: /home/kusi/Downloads/DRL_robot_navigation_ros2/install/td3/share/td3//launch/train_it3.launch.py
[0.103s] -- Up-to-date: /home/kusi/Downloads/DRL_robot_navigation_ros2/install/td3/share/td3//launch/SAC.launch.py
[0.103s] -- Up-to-date: /home/kusi/Downloads/DRL_robot_navigation_ros2/install/td3/share/td3//launch/multi_robot_scenario.launch.py
[0.103s] -- Up-to-date: /home/kusi/Downloads/DRL_robot_navigation_ros2/install/td3/share/td3//launch/robot_state_publisher.launch.py
[0.103s] -- Up-to-date: /home/kusi/Downloads/DRL_robot_navigation_ros2/install/td3/share/td3//launch/training_simulation.launch.py
[0.103s] -- Up-to-date: /home/kusi/Downloads/DRL_robot_navigation_ros2/install/td3/share/td3//launch/pioneer3dx.rviz
[0.103s] -- Up-to-date: /home/kusi/Downloads/DRL_robot_navigation_ros2/install/td3/share/td3//launch/test_itd3.launch.py
[0.104s] -- Up-to-date: /home/kusi/Downloads/DRL_robot_navigation_ros2/install/td3/share/td3//launch/test_simulation.launch.py
[0.104s] -- Up-to-date: /home/kusi/Downloads/DRL_robot_navigation_ros2/install/td3/share/td3//models
[0.104s] -- Up-to-date: /home/kusi/Downloads/DRL_robot_navigation_ros2/install/td3/share/td3//models/td_robot
[0.104s] -- Up-to-date: /home/kusi/Downloads/DRL_robot_navigation_ros2/install/td3/share/td3//models/td_robot/velodyne_description
[0.104s] -- Up-to-date: /home/kusi/Downloads/DRL_robot_navigation_ros2/install/td3/share/td3//models/td_robot/velodyne_description/rviz
[0.104s] -- Up-to-date: /home/kusi/Downloads/DRL_robot_navigation_ros2/install/td3/share/td3//models/td_robot/velodyne_description/rviz/example.rviz
[0.104s] -- Up-to-date: /home/kusi/Downloads/DRL_robot_navigation_ros2/install/td3/share/td3//models/td_robot/velodyne_description/world
[0.104s] -- Up-to-date: /home/kusi/Downloads/DRL_robot_navigation_ros2/install/td3/share/td3//models/td_robot/velodyne_description/world/example.world
[0.104s] -- Up-to-date: /home/kusi/Downloads/DRL_robot_navigation_ros2/install/td3/share/td3//models/td_robot/velodyne_description/world/lio_sam.model
[0.104s] -- Up-to-date: /home/kusi/Downloads/DRL_robot_navigation_ros2/install/td3/share/td3//models/td_robot/velodyne_description/package.xml
[0.104s] -- Up-to-date: /home/kusi/Downloads/DRL_robot_navigation_ros2/install/td3/share/td3//models/td_robot/velodyne_description/launch
[0.104s] -- Up-to-date: /home/kusi/Downloads/DRL_robot_navigation_ros2/install/td3/share/td3//models/td_robot/velodyne_description/launch/example-launch.py
[0.104s] -- Up-to-date: /home/kusi/Downloads/DRL_robot_navigation_ros2/install/td3/share/td3//models/td_robot/velodyne_description/models
[0.104s] -- Up-to-date: /home/kusi/Downloads/DRL_robot_navigation_ros2/install/td3/share/td3//models/td_robot/velodyne_description/models/rs_robot
[0.105s] -- Up-to-date: /home/kusi/Downloads/DRL_robot_navigation_ros2/install/td3/share/td3//models/td_robot/velodyne_description/models/rs_robot/rs_robot.sdf
[0.105s] -- Up-to-date: /home/kusi/Downloads/DRL_robot_navigation_ros2/install/td3/share/td3//models/td_robot/velodyne_description/models/rs_robot/meshes
[0.105s] -- Up-to-date: /home/kusi/Downloads/DRL_robot_navigation_ros2/install/td3/share/td3//models/td_robot/velodyne_description/models/rs_robot/meshes/STL
[0.105s] -- Up-to-date: /home/kusi/Downloads/DRL_robot_navigation_ros2/install/td3/share/td3//models/td_robot/velodyne_description/models/rs_robot/meshes/STL/sensors
[0.105s] -- Up-to-date: /home/kusi/Downloads/DRL_robot_navigation_ros2/install/td3/share/td3//models/td_robot/velodyne_description/models/rs_robot/meshes/STL/sensors/gps
[0.105s] -- Up-to-date: /home/kusi/Downloads/DRL_robot_navigation_ros2/install/td3/share/td3//models/td_robot/velodyne_description/models/rs_robot/meshes/STL/sensors/gps/gps.stl
[0.105s] -- Up-to-date: /home/kusi/Downloads/DRL_robot_navigation_ros2/install/td3/share/td3//models/td_robot/velodyne_description/models/rs_robot/meshes/STL/sensors/front_lrf
[0.105s] -- Up-to-date: /home/kusi/Downloads/DRL_robot_navigation_ros2/install/td3/share/td3//models/td_robot/velodyne_description/models/rs_robot/meshes/STL/sensors/front_lrf/front_lrf.stl
[0.105s] -- Up-to-date: /home/kusi/Downloads/DRL_robot_navigation_ros2/install/td3/share/td3//models/td_robot/velodyne_description/models/rs_robot/meshes/STL/sensors/rear_lrf
[0.106s] -- Up-to-date: /home/kusi/Downloads/DRL_robot_navigation_ros2/install/td3/share/td3//models/td_robot/velodyne_description/models/rs_robot/meshes/STL/sensors/rear_lrf/rear_lrf.stl
[0.106s] -- Up-to-date: /home/kusi/Downloads/DRL_robot_navigation_ros2/install/td3/share/td3//models/td_robot/velodyne_description/models/rs_robot/meshes/STL/sensors/camera
[0.106s] -- Up-to-date: /home/kusi/Downloads/DRL_robot_navigation_ros2/install/td3/share/td3//models/td_robot/velodyne_description/models/rs_robot/meshes/STL/sensors/gim30
[0.106s] -- Up-to-date: /home/kusi/Downloads/DRL_robot_navigation_ros2/install/td3/share/td3//models/td_robot/velodyne_description/models/rs_robot/meshes/STL/sensors/gim30/gim30.stl
[0.106s] -- Up-to-date: /home/kusi/Downloads/DRL_robot_navigation_ros2/install/td3/share/td3//models/td_robot/velodyne_description/models/rs_robot/meshes/STL/lidar_head
[0.106s] -- Up-to-date: /home/kusi/Downloads/DRL_robot_navigation_ros2/install/td3/share/td3//models/td_robot/velodyne_description/models/rs_robot/meshes/STL/lidar_head/YDlidar_head v4.stl
[0.106s] -- Up-to-date: /home/kusi/Downloads/DRL_robot_navigation_ros2/install/td3/share/td3//models/td_robot/velodyne_description/models/rs_robot/meshes/STL/lidar_base
[0.106s] -- Up-to-date: /home/kusi/Downloads/DRL_robot_navigation_ros2/install/td3/share/td3//models/td_robot/velodyne_description/models/rs_robot/meshes/STL/lidar_base/YDlidar_base.stl
[0.106s] -- Up-to-date: /home/kusi/Downloads/DRL_robot_navigation_ros2/install/td3/share/td3//models/td_robot/velodyne_description/models/rs_robot/meshes/STL/base
[0.106s] -- Up-to-date: /home/kusi/Downloads/DRL_robot_navigation_ros2/install/td3/share/td3//models/td_robot/velodyne_description/models/rs_robot/meshes/STL/base/base_link_old.stl
[0.106s] -- Up-to-date: /home/kusi/Downloads/DRL_robot_navigation_ros2/install/td3/share/td3//models/td_robot/velodyne_description/models/rs_robot/meshes/STL/base/base_link.stl
[0.107s] -- Up-to-date: /home/kusi/Downloads/DRL_robot_navigation_ros2/install/td3/share/td3//models/td_robot/velodyne_description/models/rs_robot/meshes/STL/suspension
[0.107s] -- Up-to-date: /home/kusi/Downloads/DRL_robot_navigation_ros2/install/td3/share/td3//models/td_robot/velodyne_description/models/rs_robot/meshes/STL/suspension/FRONT_RIGHT_LINKSTL.stl
[0.107s] -- Up-to-date: /home/kusi/Downloads/DRL_robot_navigation_ros2/install/td3/share/td3//models/td_robot/velodyne_description/models/rs_robot/meshes/STL/suspension/sus_link.stl
[0.107s] -- Up-to-date: /home/kusi/Downloads/DRL_robot_navigation_ros2/install/td3/share/td3//models/td_robot/velodyne_description/models/rs_robot/meshes/STL/suspension/REAR_RIGHT_LINKSTL.stl
[0.107s] -- Up-to-date: /home/kusi/Downloads/DRL_robot_navigation_ros2/install/td3/share/td3//models/td_robot/velodyne_description/models/rs_robot/meshes/STL/suspension/FRONT_LEFT_LINKSTL.stl
[0.107s] -- Up-to-date: /home/kusi/Downloads/DRL_robot_navigation_ros2/install/td3/share/td3//models/td_robot/velodyne_description/models/rs_robot/meshes/STL/suspension/REAR_LEFT_LINKSTL.stl
[0.107s] -- Up-to-date: /home/kusi/Downloads/DRL_robot_navigation_ros2/install/td3/share/td3//models/td_robot/velodyne_description/models/rs_robot/meshes/STL/wheel
[0.107s] -- Up-to-date: /home/kusi/Downloads/DRL_robot_navigation_ros2/install/td3/share/td3//models/td_robot/velodyne_description/models/rs_robot/meshes/STL/wheel/robot_wheel.stl
[0.107s] -- Up-to-date: /home/kusi/Downloads/DRL_robot_navigation_ros2/install/td3/share/td3//models/td_robot/velodyne_description/models/rs_robot/meshes/DAE
[0.107s] -- Up-to-date: /home/kusi/Downloads/DRL_robot_navigation_ros2/install/td3/share/td3//models/td_robot/velodyne_description/models/rs_robot/meshes/DAE/sensors
[0.107s] -- Up-to-date: /home/kusi/Downloads/DRL_robot_navigation_ros2/install/td3/share/td3//models/td_robot/velodyne_description/models/rs_robot/meshes/DAE/sensors/gps
[0.108s] -- Up-to-date: /home/kusi/Downloads/DRL_robot_navigation_ros2/install/td3/share/td3//models/td_robot/velodyne_description/models/rs_robot/meshes/DAE/sensors/gps/gps_texture.png
[0.108s] -- Up-to-date: /home/kusi/Downloads/DRL_robot_navigation_ros2/install/td3/share/td3//models/td_robot/velodyne_description/models/rs_robot/meshes/DAE/sensors/gps/gps.dae
[0.108s] -- Up-to-date: /home/kusi/Downloads/DRL_robot_navigation_ros2/install/td3/share/td3//models/td_robot/velodyne_description/models/rs_robot/meshes/DAE/sensors/front_lrf
[0.108s] -- Up-to-date: /home/kusi/Downloads/DRL_robot_navigation_ros2/install/td3/share/td3//models/td_robot/velodyne_description/models/rs_robot/meshes/DAE/sensors/front_lrf/front_lrf.dae
[0.108s] -- Up-to-date: /home/kusi/Downloads/DRL_robot_navigation_ros2/install/td3/share/td3//models/td_robot/velodyne_description/models/rs_robot/meshes/DAE/sensors/front_lrf/lrf_texture.png
[0.108s] -- Up-to-date: /home/kusi/Downloads/DRL_robot_navigation_ros2/install/td3/share/td3//models/td_robot/velodyne_description/models/rs_robot/meshes/DAE/sensors/rear_lrf
[0.108s] -- Up-to-date: /home/kusi/Downloads/DRL_robot_navigation_ros2/install/td3/share/td3//models/td_robot/velodyne_description/models/rs_robot/meshes/DAE/sensors/rear_lrf/rear_lrf.dae
[0.108s] -- Up-to-date: /home/kusi/Downloads/DRL_robot_navigation_ros2/install/td3/share/td3//models/td_robot/velodyne_description/models/rs_robot/meshes/DAE/sensors/rear_lrf/urg_texture.png
[0.108s] -- Up-to-date: /home/kusi/Downloads/DRL_robot_navigation_ros2/install/td3/share/td3//models/td_robot/velodyne_description/models/rs_robot/meshes/DAE/sensors/camera
[0.108s] -- Up-to-date: /home/kusi/Downloads/DRL_robot_navigation_ros2/install/td3/share/td3//models/td_robot/velodyne_description/models/rs_robot/meshes/DAE/sensors/camera/camera.dae
[0.108s] -- Up-to-date: /home/kusi/Downloads/DRL_robot_navigation_ros2/install/td3/share/td3//models/td_robot/velodyne_description/models/rs_robot/meshes/DAE/sensors/gim30
[0.108s] -- Up-to-date: /home/kusi/Downloads/DRL_robot_navigation_ros2/install/td3/share/td3//models/td_robot/velodyne_description/models/rs_robot/meshes/DAE/sensors/gim30/gim30_lrf_texture.png
[0.108s] -- Up-to-date: /home/kusi/Downloads/DRL_robot_navigation_ros2/install/td3/share/td3//models/td_robot/velodyne_description/models/rs_robot/meshes/DAE/sensors/gim30/gim30.dae
[0.108s] -- Up-to-date: /home/kusi/Downloads/DRL_robot_navigation_ros2/install/td3/share/td3//models/td_robot/velodyne_description/models/rs_robot/meshes/DAE/lidar_head
[0.108s] -- Up-to-date: /home/kusi/Downloads/DRL_robot_navigation_ros2/install/td3/share/td3//models/td_robot/velodyne_description/models/rs_robot/meshes/DAE/lidar_head/YDlidar_head.dae
[0.108s] -- Up-to-date: /home/kusi/Downloads/DRL_robot_navigation_ros2/install/td3/share/td3//models/td_robot/velodyne_description/models/rs_robot/meshes/DAE/lidar_base
[0.108s] -- Up-to-date: /home/kusi/Downloads/DRL_robot_navigation_ros2/install/td3/share/td3//models/td_robot/velodyne_description/models/rs_robot/meshes/DAE/lidar_base/YDlidar_base.dae
[0.109s] -- Up-to-date: /home/kusi/Downloads/DRL_robot_navigation_ros2/install/td3/share/td3//models/td_robot/velodyne_description/models/rs_robot/meshes/DAE/base
[0.109s] -- Up-to-date: /home/kusi/Downloads/DRL_robot_navigation_ros2/install/td3/share/td3//models/td_robot/velodyne_description/models/rs_robot/meshes/DAE/base/base_linkOLD.dae
[0.109s] -- Up-to-date: /home/kusi/Downloads/DRL_robot_navigation_ros2/install/td3/share/td3//models/td_robot/velodyne_description/models/rs_robot/meshes/DAE/base/base_link.dae
[0.109s] -- Up-to-date: /home/kusi/Downloads/DRL_robot_navigation_ros2/install/td3/share/td3//models/td_robot/velodyne_description/models/rs_robot/meshes/DAE/suspension
[0.109s] -- Up-to-date: /home/kusi/Downloads/DRL_robot_navigation_ros2/install/td3/share/td3//models/td_robot/velodyne_description/models/rs_robot/meshes/DAE/suspension/front_right_link.dae
[0.109s] -- Up-to-date: /home/kusi/Downloads/DRL_robot_navigation_ros2/install/td3/share/td3//models/td_robot/velodyne_description/models/rs_robot/meshes/DAE/suspension/rear_right_link.dae
[0.109s] -- Up-to-date: /home/kusi/Downloads/DRL_robot_navigation_ros2/install/td3/share/td3//models/td_robot/velodyne_description/models/rs_robot/meshes/DAE/suspension/rear_left_link.dae
[0.109s] -- Up-to-date: /home/kusi/Downloads/DRL_robot_navigation_ros2/install/td3/share/td3//models/td_robot/velodyne_description/models/rs_robot/meshes/DAE/suspension/front_left_link.dae
[0.109s] -- Up-to-date: /home/kusi/Downloads/DRL_robot_navigation_ros2/install/td3/share/td3//models/td_robot/velodyne_description/models/rs_robot/meshes/DAE/wheel
[0.109s] -- Up-to-date: /home/kusi/Downloads/DRL_robot_navigation_ros2/install/td3/share/td3//models/td_robot/velodyne_description/models/rs_robot/meshes/DAE/wheel/wheel_link.dae
[0.109s] -- Up-to-date: /home/kusi/Downloads/DRL_robot_navigation_ros2/install/td3/share/td3//models/td_robot/velodyne_description/models/rs_robot/model.config
[0.109s] -- Up-to-date: /home/kusi/Downloads/DRL_robot_navigation_ros2/install/td3/share/td3//models/td_robot/velodyne_description/CHANGELOG.rst
[0.109s] -- Up-to-date: /home/kusi/Downloads/DRL_robot_navigation_ros2/install/td3/share/td3//models/td_robot/velodyne_description/meshes
[0.109s] -- Up-to-date: /home/kusi/Downloads/DRL_robot_navigation_ros2/install/td3/share/td3//models/td_robot/velodyne_description/meshes/VLP16_scan.dae
[0.109s] -- Up-to-date: /home/kusi/Downloads/DRL_robot_navigation_ros2/install/td3/share/td3//models/td_robot/velodyne_description/meshes/VLP16_scan.stl
[0.109s] -- Up-to-date: /home/kusi/Downloads/DRL_robot_navigation_ros2/install/td3/share/td3//models/td_robot/velodyne_description/meshes/VLP16_base_1.stl
[0.109s] -- Up-to-date: /home/kusi/Downloads/DRL_robot_navigation_ros2/install/td3/share/td3//models/td_robot/velodyne_description/meshes/VLP16_base_1.dae
[0.109s] -- Up-to-date: /home/kusi/Downloads/DRL_robot_navigation_ros2/install/td3/share/td3//models/td_robot/velodyne_description/meshes/HDL32E_scan.dae
[0.109s] -- Up-to-date: /home/kusi/Downloads/DRL_robot_navigation_ros2/install/td3/share/td3//models/td_robot/velodyne_description/meshes/HDL32E_base.stl
[0.109s] -- Up-to-date: /home/kusi/Downloads/DRL_robot_navigation_ros2/install/td3/share/td3//models/td_robot/velodyne_description/meshes/HDL32E_scan.stl
[0.109s] -- Up-to-date: /home/kusi/Downloads/DRL_robot_navigation_ros2/install/td3/share/td3//models/td_robot/velodyne_description/meshes/HDL32E_base.dae
[0.109s] -- Up-to-date: /home/kusi/Downloads/DRL_robot_navigation_ros2/install/td3/share/td3//models/td_robot/velodyne_description/meshes/VLP16_base_2.stl
[0.109s] -- Up-to-date: /home/kusi/Downloads/DRL_robot_navigation_ros2/install/td3/share/td3//models/td_robot/velodyne_description/meshes/VLP16_base_2.dae
[0.109s] -- Up-to-date: /home/kusi/Downloads/DRL_robot_navigation_ros2/install/td3/share/td3//models/td_robot/velodyne_description/urdf
[0.109s] -- Up-to-date: /home/kusi/Downloads/DRL_robot_navigation_ros2/install/td3/share/td3//models/td_robot/velodyne_description/urdf/HDL-32E.urdf.xacro
[0.109s] -- Up-to-date: /home/kusi/Downloads/DRL_robot_navigation_ros2/install/td3/share/td3//models/td_robot/velodyne_description/urdf/VLP-16.urdf.xacro
[0.109s] -- Up-to-date: /home/kusi/Downloads/DRL_robot_navigation_ros2/install/td3/share/td3//models/td_robot/velodyne_description/urdf/example.urdf.xacro
[0.110s] -- Up-to-date: /home/kusi/Downloads/DRL_robot_navigation_ros2/install/td3/share/td3//models/td_robot/velodyne_description/urdf/VLP-32C.urdf.xacro
[0.110s] -- Up-to-date: /home/kusi/Downloads/DRL_robot_navigation_ros2/install/td3/share/td3//models/td_robot/velodyne_description/CMakeLists.txt
[0.110s] -- Up-to-date: /home/kusi/Downloads/DRL_robot_navigation_ros2/install/td3/share/td3//models/td_robot/meshes
[0.110s] -- Up-to-date: /home/kusi/Downloads/DRL_robot_navigation_ros2/install/td3/share/td3//models/td_robot/meshes/laser
[0.110s] -- Up-to-date: /home/kusi/Downloads/DRL_robot_navigation_ros2/install/td3/share/td3//models/td_robot/meshes/laser/hokuyo.dae
[0.110s] -- Up-to-date: /home/kusi/Downloads/DRL_robot_navigation_ros2/install/td3/share/td3//models/td_robot/meshes/p3dx
[0.110s] -- Up-to-date: /home/kusi/Downloads/DRL_robot_navigation_ros2/install/td3/share/td3//models/td_robot/meshes/p3dx/center_wheel.stl
[0.110s] -- Up-to-date: /home/kusi/Downloads/DRL_robot_navigation_ros2/install/td3/share/td3//models/td_robot/meshes/p3dx/Coordinates
[0.110s] -- Up-to-date: /home/kusi/Downloads/DRL_robot_navigation_ros2/install/td3/share/td3//models/td_robot/meshes/p3dx/front_sonar.stl
[0.110s] -- Up-to-date: /home/kusi/Downloads/DRL_robot_navigation_ros2/install/td3/share/td3//models/td_robot/meshes/p3dx/center_hubcap.stl
[0.110s] -- Up-to-date: /home/kusi/Downloads/DRL_robot_navigation_ros2/install/td3/share/td3//models/td_robot/meshes/p3dx/top.stl
[0.110s] -- Up-to-date: /home/kusi/Downloads/DRL_robot_navigation_ros2/install/td3/share/td3//models/td_robot/meshes/p3dx/chassis.stl
[0.110s] -- Up-to-date: /home/kusi/Downloads/DRL_robot_navigation_ros2/install/td3/share/td3//models/td_robot/meshes/p3dx/right_wheel.stl
[0.110s] -- Up-to-date: /home/kusi/Downloads/DRL_robot_navigation_ros2/install/td3/share/td3//models/td_robot/meshes/p3dx/right_hubcap.stl
[0.110s] -- Up-to-date: /home/kusi/Downloads/DRL_robot_navigation_ros2/install/td3/share/td3//models/td_robot/meshes/p3dx/front_rim.stl
[0.110s] -- Up-to-date: /home/kusi/Downloads/DRL_robot_navigation_ros2/install/td3/share/td3//models/td_robot/meshes/p3dx/swivel.stl
[0.110s] -- Up-to-date: /home/kusi/Downloads/DRL_robot_navigation_ros2/install/td3/share/td3//models/td_robot/meshes/p3dx/left_wheel.stl
[0.110s] -- Up-to-date: /home/kusi/Downloads/DRL_robot_navigation_ros2/install/td3/share/td3//models/td_robot/meshes/p3dx/back_sonar.stl
[0.110s] -- Up-to-date: /home/kusi/Downloads/DRL_robot_navigation_ros2/install/td3/share/td3//models/td_robot/meshes/p3dx/back_rim.stl
[0.110s] -- Up-to-date: /home/kusi/Downloads/DRL_robot_navigation_ros2/install/td3/share/td3//models/td_robot/meshes/p3dx/left_hubcap.stl
[0.110s] -- Up-to-date: /home/kusi/Downloads/DRL_robot_navigation_ros2/install/td3/share/td3//models/td_robot/model.config
[0.110s] -- Up-to-date: /home/kusi/Downloads/DRL_robot_navigation_ros2/install/td3/share/td3//models/td_robot/td_robot.sdf
[0.110s] -- Up-to-date: /home/kusi/Downloads/DRL_robot_navigation_ros2/install/td3/share/td3//scripts
[0.110s] -- Up-to-date: /home/kusi/Downloads/DRL_robot_navigation_ros2/install/td3/share/td3//scripts/test.py
[0.110s] -- Up-to-date: /home/kusi/Downloads/DRL_robot_navigation_ros2/install/td3/share/td3//scripts/runs
[0.110s] -- Up-to-date: /home/kusi/Downloads/DRL_robot_navigation_ros2/install/td3/share/td3//scripts/runs/SAC
[0.111s] -- Installing: /home/kusi/Downloads/DRL_robot_navigation_ros2/install/td3/share/td3//scripts/runs/SAC/events.out.tfevents.1719179151.kusi-H610M-H-V2-DDR4.33491.0
[0.111s] -- Installing: /home/kusi/Downloads/DRL_robot_navigation_ros2/install/td3/share/td3//scripts/runs/SAC/events.out.tfevents.1719177122.kusi-H610M-H-V2-DDR4.31175.0
[0.111s] -- Up-to-date: /home/kusi/Downloads/DRL_robot_navigation_ros2/install/td3/share/td3//scripts/runs/iTD3-CLN
[0.111s] -- Up-to-date: /home/kusi/Downloads/DRL_robot_navigation_ros2/install/td3/share/td3//scripts/runs/iTD3-CLN/events.out.tfevents.1719103540.kusi-H610M-H-V2-DDR4.5676.0
[0.111s] -- Installing: /home/kusi/Downloads/DRL_robot_navigation_ros2/install/td3/share/td3//scripts/runs/events.out.tfevents.1720290540.kusi-H610M-H-V2-DDR4.4153.0
[0.111s] -- Installing: /home/kusi/Downloads/DRL_robot_navigation_ros2/install/td3/share/td3//scripts/runs/TD3
[0.111s] -- Installing: /home/kusi/Downloads/DRL_robot_navigation_ros2/install/td3/share/td3//scripts/runs/TD3/events.out.tfevents.1719225689.kusi-H610M-H-V2-DDR4.9028.0
[0.111s] -- Up-to-date: /home/kusi/Downloads/DRL_robot_navigation_ros2/install/td3/share/td3//scripts/pytorch_models
[0.111s] -- Installing: /home/kusi/Downloads/DRL_robot_navigation_ros2/install/td3/share/td3//scripts/pytorch_models/SAC_velodyne_critic.pth
[0.113s] -- Up-to-date: /home/kusi/Downloads/DRL_robot_navigation_ros2/install/td3/share/td3//scripts/pytorch_models/itd3_cln.pth
[0.113s] -- Installing: /home/kusi/Downloads/DRL_robot_navigation_ros2/install/td3/share/td3//scripts/pytorch_models/td3_velodyne_actor.pth
[0.117s] -- Installing: /home/kusi/Downloads/DRL_robot_navigation_ros2/install/td3/share/td3//scripts/pytorch_models/SAC_velodyne_actor.pth
[0.118s] -- Up-to-date: /home/kusi/Downloads/DRL_robot_navigation_ros2/install/td3/share/td3//scripts/pytorch_models/itd3_critic.pth
[0.118s] -- Up-to-date: /home/kusi/Downloads/DRL_robot_navigation_ros2/install/td3/share/td3//scripts/pytorch_models/itd3_actor.pth
[0.118s] -- Installing: /home/kusi/Downloads/DRL_robot_navigation_ros2/install/td3/share/td3//scripts/pytorch_models/SAC_velodyne_value.pth
[0.119s] -- Installing: /home/kusi/Downloads/DRL_robot_navigation_ros2/install/td3/share/td3//scripts/pytorch_models/td3_velodyne_critic.pth
[0.126s] -- Up-to-date: /home/kusi/Downloads/DRL_robot_navigation_ros2/install/td3/share/td3//scripts/replay_buffer.py
[0.126s] -- Up-to-date: /home/kusi/Downloads/DRL_robot_navigation_ros2/install/td3/share/td3//scripts/train_velodynbe_node_iTD3.py
[0.126s] -- Up-to-date: /home/kusi/Downloads/DRL_robot_navigation_ros2/install/td3/share/td3//scripts/results
[0.126s] -- Installing: /home/kusi/Downloads/DRL_robot_navigation_ros2/install/td3/share/td3//scripts/results/td3_velodyne.npy
[0.126s] -- Up-to-date: /home/kusi/Downloads/DRL_robot_navigation_ros2/install/td3/share/td3//scripts/results/itd3.npy
[0.126s] -- Installing: /home/kusi/Downloads/DRL_robot_navigation_ros2/install/td3/share/td3//scripts/results/SAC_velodyne.npy
[0.126s] -- Up-to-date: /home/kusi/Downloads/DRL_robot_navigation_ros2/install/td3/share/td3//scripts/results/TD3_velodyne.npy
[0.126s] -- Up-to-date: /home/kusi/Downloads/DRL_robot_navigation_ros2/install/td3/share/td3//scripts/test_SAC.py
[0.126s] -- Up-to-date: /home/kusi/Downloads/DRL_robot_navigation_ros2/install/td3/share/td3//scripts/train_SAC_node.py
[0.126s] -- Up-to-date: /home/kusi/Downloads/DRL_robot_navigation_ros2/install/td3/share/td3//scripts/__pycache__
[0.126s] -- Up-to-date: /home/kusi/Downloads/DRL_robot_navigation_ros2/install/td3/share/td3//scripts/__pycache__/replay_buffer.cpython-38.pyc
[0.126s] -- Up-to-date: /home/kusi/Downloads/DRL_robot_navigation_ros2/install/td3/share/td3//scripts/test_velodyne_node.py
[0.126s] -- Up-to-date: /home/kusi/Downloads/DRL_robot_navigation_ros2/install/td3/share/td3//scripts/train_velodyne_node.py
[0.126s] -- Up-to-date: /home/kusi/Downloads/DRL_robot_navigation_ros2/install/td3/share/td3//scripts/point_cloud2.py
[0.126s] -- Up-to-date: /home/kusi/Downloads/DRL_robot_navigation_ros2/install/td3/share/td3//scripts/test_itd3.py
[0.127s] -- Up-to-date: /home/kusi/Downloads/DRL_robot_navigation_ros2/install/td3/share/td3//urdf
[0.127s] -- Up-to-date: /home/kusi/Downloads/DRL_robot_navigation_ros2/install/td3/share/td3//urdf/td_robot.urdf
[0.127s] -- Up-to-date: /home/kusi/Downloads/DRL_robot_navigation_ros2/install/td3/share/td3//urdf/meshes
[0.127s] -- Up-to-date: /home/kusi/Downloads/DRL_robot_navigation_ros2/install/td3/share/td3//urdf/meshes/laser
[0.127s] -- Up-to-date: /home/kusi/Downloads/DRL_robot_navigation_ros2/install/td3/share/td3//urdf/meshes/laser/hokuyo.dae
[0.127s] -- Up-to-date: /home/kusi/Downloads/DRL_robot_navigation_ros2/install/td3/share/td3//urdf/meshes/p3dx
[0.127s] -- Up-to-date: /home/kusi/Downloads/DRL_robot_navigation_ros2/install/td3/share/td3//urdf/meshes/p3dx/center_wheel.stl
[0.127s] -- Up-to-date: /home/kusi/Downloads/DRL_robot_navigation_ros2/install/td3/share/td3//urdf/meshes/p3dx/Coordinates
[0.127s] -- Up-to-date: /home/kusi/Downloads/DRL_robot_navigation_ros2/install/td3/share/td3//urdf/meshes/p3dx/front_sonar.stl
[0.127s] -- Up-to-date: /home/kusi/Downloads/DRL_robot_navigation_ros2/install/td3/share/td3//urdf/meshes/p3dx/center_hubcap.stl
[0.127s] -- Up-to-date: /home/kusi/Downloads/DRL_robot_navigation_ros2/install/td3/share/td3//urdf/meshes/p3dx/top.stl
[0.127s] -- Up-to-date: /home/kusi/Downloads/DRL_robot_navigation_ros2/install/td3/share/td3//urdf/meshes/p3dx/chassis.stl
[0.127s] -- Up-to-date: /home/kusi/Downloads/DRL_robot_navigation_ros2/install/td3/share/td3//urdf/meshes/p3dx/right_wheel.stl
[0.127s] -- Up-to-date: /home/kusi/Downloads/DRL_robot_navigation_ros2/install/td3/share/td3//urdf/meshes/p3dx/right_hubcap.stl
[0.127s] -- Up-to-date: /home/kusi/Downloads/DRL_robot_navigation_ros2/install/td3/share/td3//urdf/meshes/p3dx/front_rim.stl
[0.127s] -- Up-to-date: /home/kusi/Downloads/DRL_robot_navigation_ros2/install/td3/share/td3//urdf/meshes/p3dx/swivel.stl
[0.127s] -- Up-to-date: /home/kusi/Downloads/DRL_robot_navigation_ros2/install/td3/share/td3//urdf/meshes/p3dx/left_wheel.stl
[0.127s] -- Up-to-date: /home/kusi/Downloads/DRL_robot_navigation_ros2/install/td3/share/td3//urdf/meshes/p3dx/back_sonar.stl
[0.127s] -- Up-to-date: /home/kusi/Downloads/DRL_robot_navigation_ros2/install/td3/share/td3//urdf/meshes/p3dx/back_rim.stl
[0.127s] -- Up-to-date: /home/kusi/Downloads/DRL_robot_navigation_ros2/install/td3/share/td3//urdf/meshes/p3dx/left_hubcap.stl
[0.127s] -- Up-to-date: /home/kusi/Downloads/DRL_robot_navigation_ros2/install/td3/share/td3//worlds
[0.127s] -- Up-to-date: /home/kusi/Downloads/DRL_robot_navigation_ros2/install/td3/share/td3//worlds/td3.world
[0.128s] -- Up-to-date: /home/kusi/Downloads/DRL_robot_navigation_ros2/install/td3/lib/td3/replay_buffer.py
[0.128s] -- Up-to-date: /home/kusi/Downloads/DRL_robot_navigation_ros2/install/td3/lib/td3/test_velodyne_node.py
[0.128s] -- Up-to-date: /home/kusi/Downloads/DRL_robot_navigation_ros2/install/td3/lib/td3/train_velodyne_node.py
[0.128s] -- Up-to-date: /home/kusi/Downloads/DRL_robot_navigation_ros2/install/td3/lib/td3/point_cloud2.py
[0.128s] -- Up-to-date: /home/kusi/Downloads/DRL_robot_navigation_ros2/install/td3/lib/td3/train_velodynbe_node_iTD3.py
[0.128s] -- Up-to-date: /home/kusi/Downloads/DRL_robot_navigation_ros2/install/td3/lib/td3/train_SAC_node.py
[0.128s] -- Up-to-date: /home/kusi/Downloads/DRL_robot_navigation_ros2/install/td3/lib/td3/test_itd3.py
[0.128s] -- Up-to-date: /home/kusi/Downloads/DRL_robot_navigation_ros2/install/td3/lib/td3/test_SAC.py
[0.128s] -- Up-to-date: /home/kusi/Downloads/DRL_robot_navigation_ros2/install/td3/lib/td3/multi_robot_scenario.launch.py
[0.128s] -- Up-to-date: /home/kusi/Downloads/DRL_robot_navigation_ros2/install/td3/lib/td3/robot_state_publisher.launch.py
[0.128s] -- Up-to-date: /home/kusi/Downloads/DRL_robot_navigation_ros2/install/td3/lib/td3/training_simulation.launch.py
[0.128s] -- Up-to-date: /home/kusi/Downloads/DRL_robot_navigation_ros2/install/td3/lib/td3/test_simulation.launch.py
[0.128s] -- Up-to-date: /home/kusi/Downloads/DRL_robot_navigation_ros2/install/td3/lib/td3/pioneer3dx.rviz
[0.128s] -- Up-to-date: /home/kusi/Downloads/DRL_robot_navigation_ros2/install/td3/lib/td3/train_it3.launch.py
[0.128s] -- Up-to-date: /home/kusi/Downloads/DRL_robot_navigation_ros2/install/td3/lib/td3/SAC.launch.py
[0.128s] -- Up-to-date: /home/kusi/Downloads/DRL_robot_navigation_ros2/install/td3/lib/td3/test_itd3.launch.py
[0.128s] -- Up-to-date: /home/kusi/Downloads/DRL_robot_navigation_ros2/install/td3/share/ament_index/resource_index/package_run_dependencies/td3
[0.128s] -- Up-to-date: /home/kusi/Downloads/DRL_robot_navigation_ros2/install/td3/share/ament_index/resource_index/parent_prefix_path/td3
[0.128s] -- Up-to-date: /home/kusi/Downloads/DRL_robot_navigation_ros2/install/td3/share/td3/environment/ament_prefix_path.sh
[0.128s] -- Up-to-date: /home/kusi/Downloads/DRL_robot_navigation_ros2/install/td3/share/td3/environment/ament_prefix_path.dsv
[0.128s] -- Up-to-date: /home/kusi/Downloads/DRL_robot_navigation_ros2/install/td3/share/td3/environment/path.sh
[0.128s] -- Up-to-date: /home/kusi/Downloads/DRL_robot_navigation_ros2/install/td3/share/td3/environment/path.dsv
[0.128s] -- Up-to-date: /home/kusi/Downloads/DRL_robot_navigation_ros2/install/td3/share/td3/local_setup.bash
[0.128s] -- Up-to-date: /home/kusi/Downloads/DRL_robot_navigation_ros2/install/td3/share/td3/local_setup.sh
[0.128s] -- Up-to-date: /home/kusi/Downloads/DRL_robot_navigation_ros2/install/td3/share/td3/local_setup.zsh
[0.128s] -- Up-to-date: /home/kusi/Downloads/DRL_robot_navigation_ros2/install/td3/share/td3/local_setup.dsv
[0.128s] -- Installing: /home/kusi/Downloads/DRL_robot_navigation_ros2/install/td3/share/td3/package.dsv
[0.128s] -- Up-to-date: /home/kusi/Downloads/DRL_robot_navigation_ros2/install/td3/share/ament_index/resource_index/packages/td3
[0.128s] -- Up-to-date: /home/kusi/Downloads/DRL_robot_navigation_ros2/install/td3/share/td3/cmake/td3Config.cmake
[0.129s] -- Up-to-date: /home/kusi/Downloads/DRL_robot_navigation_ros2/install/td3/share/td3/cmake/td3Config-version.cmake
[0.129s] -- Up-to-date: /home/kusi/Downloads/DRL_robot_navigation_ros2/install/td3/share/td3/package.xml
[0.140s] Invoked command in '/home/kusi/Downloads/DRL_robot_navigation_ros2/build/td3' returned '0': CMAKE_PREFIX_PATH=${CMAKE_PREFIX_PATH}:/opt/ros/foxy /usr/bin/cmake --install /home/kusi/Downloads/DRL_robot_navigation_ros2/build/td3
