[0.013s] Invoking command in '/home/kusi/Downloads/DRL_robot_navigation_ros2/build/velodyne_gazebo_plugins': CMAKE_PREFIX_PATH=${CMAKE_PREFIX_PATH}:/opt/ros/foxy /usr/bin/cmake --build /home/kusi/Downloads/DRL_robot_navigation_ros2/build/velodyne_gazebo_plugins -- -j12 -l12
[0.058s] [100%] Built target gazebo_ros_velodyne_laser
[0.081s] Invoked command in '/home/kusi/Downloads/DRL_robot_navigation_ros2/build/velodyne_gazebo_plugins' returned '0': CMAKE_PREFIX_PATH=${CMAKE_PREFIX_PATH}:/opt/ros/foxy /usr/bin/cmake --build /home/kusi/Downloads/DRL_robot_navigation_ros2/build/velodyne_gazebo_plugins -- -j12 -l12
[0.097s] Invoking command in '/home/kusi/Downloads/DRL_robot_navigation_ros2/build/velodyne_gazebo_plugins': CMAKE_PREFIX_PATH=${CMAKE_PREFIX_PATH}:/opt/ros/foxy /usr/bin/cmake --install /home/kusi/Downloads/DRL_robot_navigation_ros2/build/velodyne_gazebo_plugins
[0.102s] -- Install configuration: ""
[0.102s] -- Up-to-date: /home/kusi/Downloads/DRL_robot_navigation_ros2/install/velodyne_gazebo_plugins/share/velodyne_gazebo_plugins/environment/library_path.sh
[0.102s] -- Up-to-date: /home/kusi/Downloads/DRL_robot_navigation_ros2/install/velodyne_gazebo_plugins/share/velodyne_gazebo_plugins/environment/library_path.dsv
[0.102s] -- Up-to-date: /home/kusi/Downloads/DRL_robot_navigation_ros2/install/velodyne_gazebo_plugins/share/ament_index/resource_index/package_run_dependencies/velodyne_gazebo_plugins
[0.102s] -- Up-to-date: /home/kusi/Downloads/DRL_robot_navigation_ros2/install/velodyne_gazebo_plugins/share/ament_index/resource_index/parent_prefix_path/velodyne_gazebo_plugins
[0.102s] -- Up-to-date: /home/kusi/Downloads/DRL_robot_navigation_ros2/install/velodyne_gazebo_plugins/share/velodyne_gazebo_plugins/environment/ament_prefix_path.sh
[0.102s] -- Up-to-date: /home/kusi/Downloads/DRL_robot_navigation_ros2/install/velodyne_gazebo_plugins/share/velodyne_gazebo_plugins/environment/ament_prefix_path.dsv
[0.102s] -- Up-to-date: /home/kusi/Downloads/DRL_robot_navigation_ros2/install/velodyne_gazebo_plugins/share/velodyne_gazebo_plugins/environment/path.sh
[0.102s] -- Up-to-date: /home/kusi/Downloads/DRL_robot_navigation_ros2/install/velodyne_gazebo_plugins/share/velodyne_gazebo_plugins/environment/path.dsv
[0.102s] -- Up-to-date: /home/kusi/Downloads/DRL_robot_navigation_ros2/install/velodyne_gazebo_plugins/share/velodyne_gazebo_plugins/local_setup.bash
[0.102s] -- Up-to-date: /home/kusi/Downloads/DRL_robot_navigation_ros2/install/velodyne_gazebo_plugins/share/velodyne_gazebo_plugins/local_setup.sh
[0.102s] -- Up-to-date: /home/kusi/Downloads/DRL_robot_navigation_ros2/install/velodyne_gazebo_plugins/share/velodyne_gazebo_plugins/local_setup.zsh
[0.102s] -- Up-to-date: /home/kusi/Downloads/DRL_robot_navigation_ros2/install/velodyne_gazebo_plugins/share/velodyne_gazebo_plugins/local_setup.dsv
[0.102s] -- Installing: /home/kusi/Downloads/DRL_robot_navigation_ros2/install/velodyne_gazebo_plugins/share/velodyne_gazebo_plugins/package.dsv
[0.102s] -- Up-to-date: /home/kusi/Downloads/DRL_robot_navigation_ros2/install/velodyne_gazebo_plugins/share/ament_index/resource_index/packages/velodyne_gazebo_plugins
[0.102s] -- Up-to-date: /home/kusi/Downloads/DRL_robot_navigation_ros2/install/velodyne_gazebo_plugins/share/velodyne_gazebo_plugins/cmake/ament_cmake_export_libraries-extras.cmake
[0.102s] -- Up-to-date: /home/kusi/Downloads/DRL_robot_navigation_ros2/install/velodyne_gazebo_plugins/share/velodyne_gazebo_plugins/cmake/ament_cmake_export_include_directories-extras.cmake
[0.102s] -- Up-to-date: /home/kusi/Downloads/DRL_robot_navigation_ros2/install/velodyne_gazebo_plugins/share/velodyne_gazebo_plugins/cmake/ament_cmake_export_dependencies-extras.cmake
[0.103s] -- Up-to-date: /home/kusi/Downloads/DRL_robot_navigation_ros2/install/velodyne_gazebo_plugins/share/velodyne_gazebo_plugins/cmake/velodyne_gazebo_pluginsConfig.cmake
[0.103s] -- Up-to-date: /home/kusi/Downloads/DRL_robot_navigation_ros2/install/velodyne_gazebo_plugins/share/velodyne_gazebo_plugins/cmake/velodyne_gazebo_pluginsConfig-version.cmake
[0.103s] -- Up-to-date: /home/kusi/Downloads/DRL_robot_navigation_ros2/install/velodyne_gazebo_plugins/share/velodyne_gazebo_plugins/package.xml
[0.103s] -- Up-to-date: /home/kusi/Downloads/DRL_robot_navigation_ros2/install/velodyne_gazebo_plugins/include
[0.103s] -- Up-to-date: /home/kusi/Downloads/DRL_robot_navigation_ros2/install/velodyne_gazebo_plugins/include/velodyne_gazebo_plugins
[0.103s] -- Up-to-date: /home/kusi/Downloads/DRL_robot_navigation_ros2/install/velodyne_gazebo_plugins/include/velodyne_gazebo_plugins/GazeboRosVelodyneLaser.h
[0.103s] -- Up-to-date: /home/kusi/Downloads/DRL_robot_navigation_ros2/install/velodyne_gazebo_plugins/lib/libgazebo_ros_velodyne_laser.so
[0.104s] Invoked command in '/home/kusi/Downloads/DRL_robot_navigation_ros2/build/velodyne_gazebo_plugins' returned '0': CMAKE_PREFIX_PATH=${CMAKE_PREFIX_PATH}:/opt/ros/foxy /usr/bin/cmake --install /home/kusi/Downloads/DRL_robot_navigation_ros2/build/velodyne_gazebo_plugins
