[0.015s] Invoking command in '/home/kusi/Downloads/DRL_robot_navigation_ros2/build/td3': CMAKE_PREFIX_PATH=${CMAKE_PREFIX_PATH}:/opt/ros/foxy /usr/bin/cmake --build /home/kusi/Downloads/DRL_robot_navigation_ros2/build/td3 -- -j12 -l12
[0.032s] -- Found ament_cmake: 0.9.12 (/opt/ros/foxy/share/ament_cmake/cmake)
[0.047s] -- Using PYTHON_EXECUTABLE: /usr/bin/python3
[0.161s] -- Found ament_lint_auto: 0.9.8 (/opt/ros/foxy/share/ament_lint_auto/cmake)
[0.207s] -- Added test 'copyright' to check source files copyright and LICENSE
[0.214s] -- Added test 'flake8' to check Python code syntax and style conventions
[0.215s] -- Added test 'lint_cmake' to check CMake code style
[0.216s] -- Added test 'pep257' to check Python code against some of the style conventions in PEP 257
[0.219s] -- Added test 'xmllint' to check XML markup files
[0.221s] -- Configuring done
[0.225s] -- Generating done
[0.225s] -- Build files have been written to: /home/kusi/Downloads/DRL_robot_navigation_ros2/build/td3
[0.237s] Invoked command in '/home/kusi/Downloads/DRL_robot_navigation_ros2/build/td3' returned '0': CMAKE_PREFIX_PATH=${CMAKE_PREFIX_PATH}:/opt/ros/foxy /usr/bin/cmake --build /home/kusi/Downloads/DRL_robot_navigation_ros2/build/td3 -- -j12 -l12
[0.264s] Invoking command in '/home/kusi/Downloads/DRL_robot_navigation_ros2/build/td3': CMAKE_PREFIX_PATH=${CMAKE_PREFIX_PATH}:/opt/ros/foxy /usr/bin/cmake --install /home/kusi/Downloads/DRL_robot_navigation_ros2/build/td3
[0.275s] -- Install configuration: ""
[0.275s] -- Up-to-date: /home/kusi/Downloads/DRL_robot_navigation_ros2/install/td3/share/td3//launch
[0.275s] -- Up-to-date: /home/kusi/Downloads/DRL_robot_navigation_ros2/install/td3/share/td3//launch/train_it3.launch.py
[0.275s] -- Up-to-date: /home/kusi/Downloads/DRL_robot_navigation_ros2/install/td3/share/td3//launch/SAC.launch.py
[0.275s] -- Up-to-date: /home/kusi/Downloads/DRL_robot_navigation_ros2/install/td3/share/td3//launch/multi_robot_scenario.launch.py
[0.275s] -- Up-to-date: /home/kusi/Downloads/DRL_robot_navigation_ros2/install/td3/share/td3//launch/robot_state_publisher.launch.py
[0.276s] -- Up-to-date: /home/kusi/Downloads/DRL_robot_navigation_ros2/install/td3/share/td3//launch/training_simulation.launch.py
[0.276s] -- Up-to-date: /home/kusi/Downloads/DRL_robot_navigation_ros2/install/td3/share/td3//launch/pioneer3dx.rviz
[0.276s] -- Up-to-date: /home/kusi/Downloads/DRL_robot_navigation_ros2/install/td3/share/td3//launch/test_itd3.launch.py
[0.276s] -- Up-to-date: /home/kusi/Downloads/DRL_robot_navigation_ros2/install/td3/share/td3//launch/test_simulation.launch.py
[0.276s] -- Up-to-date: /home/kusi/Downloads/DRL_robot_navigation_ros2/install/td3/share/td3//models
[0.276s] -- Up-to-date: /home/kusi/Downloads/DRL_robot_navigation_ros2/install/td3/share/td3//models/td_robot
[0.276s] -- Up-to-date: /home/kusi/Downloads/DRL_robot_navigation_ros2/install/td3/share/td3//models/td_robot/velodyne_description
[0.276s] -- Up-to-date: /home/kusi/Downloads/DRL_robot_navigation_ros2/install/td3/share/td3//models/td_robot/velodyne_description/rviz
[0.276s] -- Up-to-date: /home/kusi/Downloads/DRL_robot_navigation_ros2/install/td3/share/td3//models/td_robot/velodyne_description/rviz/example.rviz
[0.276s] -- Up-to-date: /home/kusi/Downloads/DRL_robot_navigation_ros2/install/td3/share/td3//models/td_robot/velodyne_description/world
[0.276s] -- Up-to-date: /home/kusi/Downloads/DRL_robot_navigation_ros2/install/td3/share/td3//models/td_robot/velodyne_description/world/example.world
[0.276s] -- Up-to-date: /home/kusi/Downloads/DRL_robot_navigation_ros2/install/td3/share/td3//models/td_robot/velodyne_description/world/lio_sam.model
[0.276s] -- Up-to-date: /home/kusi/Downloads/DRL_robot_navigation_ros2/install/td3/share/td3//models/td_robot/velodyne_description/package.xml
[0.276s] -- Up-to-date: /home/kusi/Downloads/DRL_robot_navigation_ros2/install/td3/share/td3//models/td_robot/velodyne_description/launch
[0.276s] -- Up-to-date: /home/kusi/Downloads/DRL_robot_navigation_ros2/install/td3/share/td3//models/td_robot/velodyne_description/launch/example-launch.py
[0.276s] -- Up-to-date: /home/kusi/Downloads/DRL_robot_navigation_ros2/install/td3/share/td3//models/td_robot/velodyne_description/models
[0.276s] -- Up-to-date: /home/kusi/Downloads/DRL_robot_navigation_ros2/install/td3/share/td3//models/td_robot/velodyne_description/models/rs_robot
[0.276s] -- Up-to-date: /home/kusi/Downloads/DRL_robot_navigation_ros2/install/td3/share/td3//models/td_robot/velodyne_description/models/rs_robot/rs_robot.sdf
[0.277s] -- Up-to-date: /home/kusi/Downloads/DRL_robot_navigation_ros2/install/td3/share/td3//models/td_robot/velodyne_description/models/rs_robot/meshes
[0.277s] -- Up-to-date: /home/kusi/Downloads/DRL_robot_navigation_ros2/install/td3/share/td3//models/td_robot/velodyne_description/models/rs_robot/meshes/STL
[0.277s] -- Up-to-date: /home/kusi/Downloads/DRL_robot_navigation_ros2/install/td3/share/td3//models/td_robot/velodyne_description/models/rs_robot/meshes/STL/sensors
[0.277s] -- Up-to-date: /home/kusi/Downloads/DRL_robot_navigation_ros2/install/td3/share/td3//models/td_robot/velodyne_description/models/rs_robot/meshes/STL/sensors/gps
[0.277s] -- Up-to-date: /home/kusi/Downloads/DRL_robot_navigation_ros2/install/td3/share/td3//models/td_robot/velodyne_description/models/rs_robot/meshes/STL/sensors/gps/gps.stl
[0.277s] -- Up-to-date: /home/kusi/Downloads/DRL_robot_navigation_ros2/install/td3/share/td3//models/td_robot/velodyne_description/models/rs_robot/meshes/STL/sensors/front_lrf
[0.277s] -- Up-to-date: /home/kusi/Downloads/DRL_robot_navigation_ros2/install/td3/share/td3//models/td_robot/velodyne_description/models/rs_robot/meshes/STL/sensors/front_lrf/front_lrf.stl
[0.277s] -- Up-to-date: /home/kusi/Downloads/DRL_robot_navigation_ros2/install/td3/share/td3//models/td_robot/velodyne_description/models/rs_robot/meshes/STL/sensors/rear_lrf
[0.277s] -- Up-to-date: /home/kusi/Downloads/DRL_robot_navigation_ros2/install/td3/share/td3//models/td_robot/velodyne_description/models/rs_robot/meshes/STL/sensors/rear_lrf/rear_lrf.stl
[0.277s] -- Up-to-date: /home/kusi/Downloads/DRL_robot_navigation_ros2/install/td3/share/td3//models/td_robot/velodyne_description/models/rs_robot/meshes/STL/sensors/camera
[0.277s] -- Up-to-date: /home/kusi/Downloads/DRL_robot_navigation_ros2/install/td3/share/td3//models/td_robot/velodyne_description/models/rs_robot/meshes/STL/sensors/gim30
[0.277s] -- Up-to-date: /home/kusi/Downloads/DRL_robot_navigation_ros2/install/td3/share/td3//models/td_robot/velodyne_description/models/rs_robot/meshes/STL/sensors/gim30/gim30.stl
[0.277s] -- Up-to-date: /home/kusi/Downloads/DRL_robot_navigation_ros2/install/td3/share/td3//models/td_robot/velodyne_description/models/rs_robot/meshes/STL/lidar_head
[0.277s] -- Up-to-date: /home/kusi/Downloads/DRL_robot_navigation_ros2/install/td3/share/td3//models/td_robot/velodyne_description/models/rs_robot/meshes/STL/lidar_head/YDlidar_head v4.stl
[0.277s] -- Up-to-date: /home/kusi/Downloads/DRL_robot_navigation_ros2/install/td3/share/td3//models/td_robot/velodyne_description/models/rs_robot/meshes/STL/lidar_base
[0.277s] -- Up-to-date: /home/kusi/Downloads/DRL_robot_navigation_ros2/install/td3/share/td3//models/td_robot/velodyne_description/models/rs_robot/meshes/STL/lidar_base/YDlidar_base.stl
[0.277s] -- Up-to-date: /home/kusi/Downloads/DRL_robot_navigation_ros2/install/td3/share/td3//models/td_robot/velodyne_description/models/rs_robot/meshes/STL/base
[0.277s] -- Up-to-date: /home/kusi/Downloads/DRL_robot_navigation_ros2/install/td3/share/td3//models/td_robot/velodyne_description/models/rs_robot/meshes/STL/base/base_link_old.stl
[0.277s] -- Up-to-date: /home/kusi/Downloads/DRL_robot_navigation_ros2/install/td3/share/td3//models/td_robot/velodyne_description/models/rs_robot/meshes/STL/base/base_link.stl
[0.277s] -- Up-to-date: /home/kusi/Downloads/DRL_robot_navigation_ros2/install/td3/share/td3//models/td_robot/velodyne_description/models/rs_robot/meshes/STL/suspension
[0.277s] -- Up-to-date: /home/kusi/Downloads/DRL_robot_navigation_ros2/install/td3/share/td3//models/td_robot/velodyne_description/models/rs_robot/meshes/STL/suspension/FRONT_RIGHT_LINKSTL.stl
[0.277s] -- Up-to-date: /home/kusi/Downloads/DRL_robot_navigation_ros2/install/td3/share/td3//models/td_robot/velodyne_description/models/rs_robot/meshes/STL/suspension/sus_link.stl
[0.278s] -- Up-to-date: /home/kusi/Downloads/DRL_robot_navigation_ros2/install/td3/share/td3//models/td_robot/velodyne_description/models/rs_robot/meshes/STL/suspension/REAR_RIGHT_LINKSTL.stl
[0.278s] -- Up-to-date: /home/kusi/Downloads/DRL_robot_navigation_ros2/install/td3/share/td3//models/td_robot/velodyne_description/models/rs_robot/meshes/STL/suspension/FRONT_LEFT_LINKSTL.stl
[0.278s] -- Up-to-date: /home/kusi/Downloads/DRL_robot_navigation_ros2/install/td3/share/td3//models/td_robot/velodyne_description/models/rs_robot/meshes/STL/suspension/REAR_LEFT_LINKSTL.stl
[0.278s] -- Up-to-date: /home/kusi/Downloads/DRL_robot_navigation_ros2/install/td3/share/td3//models/td_robot/velodyne_description/models/rs_robot/meshes/STL/wheel
[0.278s] -- Up-to-date: /home/kusi/Downloads/DRL_robot_navigation_ros2/install/td3/share/td3//models/td_robot/velodyne_description/models/rs_robot/meshes/STL/wheel/robot_wheel.stl
[0.278s] -- Up-to-date: /home/kusi/Downloads/DRL_robot_navigation_ros2/install/td3/share/td3//models/td_robot/velodyne_description/models/rs_robot/meshes/DAE
[0.278s] -- Up-to-date: /home/kusi/Downloads/DRL_robot_navigation_ros2/install/td3/share/td3//models/td_robot/velodyne_description/models/rs_robot/meshes/DAE/sensors
[0.278s] -- Up-to-date: /home/kusi/Downloads/DRL_robot_navigation_ros2/install/td3/share/td3//models/td_robot/velodyne_description/models/rs_robot/meshes/DAE/sensors/gps
[0.278s] -- Up-to-date: /home/kusi/Downloads/DRL_robot_navigation_ros2/install/td3/share/td3//models/td_robot/velodyne_description/models/rs_robot/meshes/DAE/sensors/gps/gps_texture.png
[0.278s] -- Up-to-date: /home/kusi/Downloads/DRL_robot_navigation_ros2/install/td3/share/td3//models/td_robot/velodyne_description/models/rs_robot/meshes/DAE/sensors/gps/gps.dae
[0.278s] -- Up-to-date: /home/kusi/Downloads/DRL_robot_navigation_ros2/install/td3/share/td3//models/td_robot/velodyne_description/models/rs_robot/meshes/DAE/sensors/front_lrf
[0.278s] -- Up-to-date: /home/kusi/Downloads/DRL_robot_navigation_ros2/install/td3/share/td3//models/td_robot/velodyne_description/models/rs_robot/meshes/DAE/sensors/front_lrf/front_lrf.dae
[0.278s] -- Up-to-date: /home/kusi/Downloads/DRL_robot_navigation_ros2/install/td3/share/td3//models/td_robot/velodyne_description/models/rs_robot/meshes/DAE/sensors/front_lrf/lrf_texture.png
[0.278s] -- Up-to-date: /home/kusi/Downloads/DRL_robot_navigation_ros2/install/td3/share/td3//models/td_robot/velodyne_description/models/rs_robot/meshes/DAE/sensors/rear_lrf
[0.278s] -- Up-to-date: /home/kusi/Downloads/DRL_robot_navigation_ros2/install/td3/share/td3//models/td_robot/velodyne_description/models/rs_robot/meshes/DAE/sensors/rear_lrf/rear_lrf.dae
[0.278s] -- Up-to-date: /home/kusi/Downloads/DRL_robot_navigation_ros2/install/td3/share/td3//models/td_robot/velodyne_description/models/rs_robot/meshes/DAE/sensors/rear_lrf/urg_texture.png
[0.278s] -- Up-to-date: /home/kusi/Downloads/DRL_robot_navigation_ros2/install/td3/share/td3//models/td_robot/velodyne_description/models/rs_robot/meshes/DAE/sensors/camera
[0.278s] -- Up-to-date: /home/kusi/Downloads/DRL_robot_navigation_ros2/install/td3/share/td3//models/td_robot/velodyne_description/models/rs_robot/meshes/DAE/sensors/camera/camera.dae
[0.278s] -- Up-to-date: /home/kusi/Downloads/DRL_robot_navigation_ros2/install/td3/share/td3//models/td_robot/velodyne_description/models/rs_robot/meshes/DAE/sensors/gim30
[0.278s] -- Up-to-date: /home/kusi/Downloads/DRL_robot_navigation_ros2/install/td3/share/td3//models/td_robot/velodyne_description/models/rs_robot/meshes/DAE/sensors/gim30/gim30_lrf_texture.png
[0.278s] -- Up-to-date: /home/kusi/Downloads/DRL_robot_navigation_ros2/install/td3/share/td3//models/td_robot/velodyne_description/models/rs_robot/meshes/DAE/sensors/gim30/gim30.dae
[0.278s] -- Up-to-date: /home/kusi/Downloads/DRL_robot_navigation_ros2/install/td3/share/td3//models/td_robot/velodyne_description/models/rs_robot/meshes/DAE/lidar_head
[0.279s] -- Up-to-date: /home/kusi/Downloads/DRL_robot_navigation_ros2/install/td3/share/td3//models/td_robot/velodyne_description/models/rs_robot/meshes/DAE/lidar_head/YDlidar_head.dae
[0.279s] -- Up-to-date: /home/kusi/Downloads/DRL_robot_navigation_ros2/install/td3/share/td3//models/td_robot/velodyne_description/models/rs_robot/meshes/DAE/lidar_base
[0.279s] -- Up-to-date: /home/kusi/Downloads/DRL_robot_navigation_ros2/install/td3/share/td3//models/td_robot/velodyne_description/models/rs_robot/meshes/DAE/lidar_base/YDlidar_base.dae
[0.279s] -- Up-to-date: /home/kusi/Downloads/DRL_robot_navigation_ros2/install/td3/share/td3//models/td_robot/velodyne_description/models/rs_robot/meshes/DAE/base
[0.279s] -- Up-to-date: /home/kusi/Downloads/DRL_robot_navigation_ros2/install/td3/share/td3//models/td_robot/velodyne_description/models/rs_robot/meshes/DAE/base/base_linkOLD.dae
[0.279s] -- Up-to-date: /home/kusi/Downloads/DRL_robot_navigation_ros2/install/td3/share/td3//models/td_robot/velodyne_description/models/rs_robot/meshes/DAE/base/base_link.dae
[0.279s] -- Up-to-date: /home/kusi/Downloads/DRL_robot_navigation_ros2/install/td3/share/td3//models/td_robot/velodyne_description/models/rs_robot/meshes/DAE/suspension
[0.279s] -- Up-to-date: /home/kusi/Downloads/DRL_robot_navigation_ros2/install/td3/share/td3//models/td_robot/velodyne_description/models/rs_robot/meshes/DAE/suspension/front_right_link.dae
[0.279s] -- Up-to-date: /home/kusi/Downloads/DRL_robot_navigation_ros2/install/td3/share/td3//models/td_robot/velodyne_description/models/rs_robot/meshes/DAE/suspension/rear_right_link.dae
[0.279s] -- Up-to-date: /home/kusi/Downloads/DRL_robot_navigation_ros2/install/td3/share/td3//models/td_robot/velodyne_description/models/rs_robot/meshes/DAE/suspension/rear_left_link.dae
[0.279s] -- Up-to-date: /home/kusi/Downloads/DRL_robot_navigation_ros2/install/td3/share/td3//models/td_robot/velodyne_description/models/rs_robot/meshes/DAE/suspension/front_left_link.dae
[0.279s] -- Up-to-date: /home/kusi/Downloads/DRL_robot_navigation_ros2/install/td3/share/td3//models/td_robot/velodyne_description/models/rs_robot/meshes/DAE/wheel
[0.279s] -- Up-to-date: /home/kusi/Downloads/DRL_robot_navigation_ros2/install/td3/share/td3//models/td_robot/velodyne_description/models/rs_robot/meshes/DAE/wheel/wheel_link.dae
[0.279s] -- Up-to-date: /home/kusi/Downloads/DRL_robot_navigation_ros2/install/td3/share/td3//models/td_robot/velodyne_description/models/rs_robot/model.config
[0.279s] -- Up-to-date: /home/kusi/Downloads/DRL_robot_navigation_ros2/install/td3/share/td3//models/td_robot/velodyne_description/CHANGELOG.rst
[0.279s] -- Up-to-date: /home/kusi/Downloads/DRL_robot_navigation_ros2/install/td3/share/td3//models/td_robot/velodyne_description/meshes
[0.279s] -- Up-to-date: /home/kusi/Downloads/DRL_robot_navigation_ros2/install/td3/share/td3//models/td_robot/velodyne_description/meshes/VLP16_scan.dae
[0.279s] -- Up-to-date: /home/kusi/Downloads/DRL_robot_navigation_ros2/install/td3/share/td3//models/td_robot/velodyne_description/meshes/VLP16_scan.stl
[0.279s] -- Up-to-date: /home/kusi/Downloads/DRL_robot_navigation_ros2/install/td3/share/td3//models/td_robot/velodyne_description/meshes/VLP16_base_1.stl
[0.279s] -- Up-to-date: /home/kusi/Downloads/DRL_robot_navigation_ros2/install/td3/share/td3//models/td_robot/velodyne_description/meshes/VLP16_base_1.dae
[0.279s] -- Up-to-date: /home/kusi/Downloads/DRL_robot_navigation_ros2/install/td3/share/td3//models/td_robot/velodyne_description/meshes/HDL32E_scan.dae
[0.279s] -- Up-to-date: /home/kusi/Downloads/DRL_robot_navigation_ros2/install/td3/share/td3//models/td_robot/velodyne_description/meshes/HDL32E_base.stl
[0.279s] -- Up-to-date: /home/kusi/Downloads/DRL_robot_navigation_ros2/install/td3/share/td3//models/td_robot/velodyne_description/meshes/HDL32E_scan.stl
[0.279s] -- Up-to-date: /home/kusi/Downloads/DRL_robot_navigation_ros2/install/td3/share/td3//models/td_robot/velodyne_description/meshes/HDL32E_base.dae
[0.279s] -- Up-to-date: /home/kusi/Downloads/DRL_robot_navigation_ros2/install/td3/share/td3//models/td_robot/velodyne_description/meshes/VLP16_base_2.stl
[0.279s] -- Up-to-date: /home/kusi/Downloads/DRL_robot_navigation_ros2/install/td3/share/td3//models/td_robot/velodyne_description/meshes/VLP16_base_2.dae
[0.279s] -- Up-to-date: /home/kusi/Downloads/DRL_robot_navigation_ros2/install/td3/share/td3//models/td_robot/velodyne_description/urdf
[0.279s] -- Up-to-date: /home/kusi/Downloads/DRL_robot_navigation_ros2/install/td3/share/td3//models/td_robot/velodyne_description/urdf/HDL-32E.urdf.xacro
[0.279s] -- Up-to-date: /home/kusi/Downloads/DRL_robot_navigation_ros2/install/td3/share/td3//models/td_robot/velodyne_description/urdf/VLP-16.urdf.xacro
[0.279s] -- Up-to-date: /home/kusi/Downloads/DRL_robot_navigation_ros2/install/td3/share/td3//models/td_robot/velodyne_description/urdf/example.urdf.xacro
[0.280s] -- Up-to-date: /home/kusi/Downloads/DRL_robot_navigation_ros2/install/td3/share/td3//models/td_robot/velodyne_description/urdf/VLP-32C.urdf.xacro
[0.280s] -- Up-to-date: /home/kusi/Downloads/DRL_robot_navigation_ros2/install/td3/share/td3//models/td_robot/velodyne_description/CMakeLists.txt
[0.280s] -- Up-to-date: /home/kusi/Downloads/DRL_robot_navigation_ros2/install/td3/share/td3//models/td_robot/meshes
[0.280s] -- Up-to-date: /home/kusi/Downloads/DRL_robot_navigation_ros2/install/td3/share/td3//models/td_robot/meshes/laser
[0.280s] -- Up-to-date: /home/kusi/Downloads/DRL_robot_navigation_ros2/install/td3/share/td3//models/td_robot/meshes/laser/hokuyo.dae
[0.280s] -- Up-to-date: /home/kusi/Downloads/DRL_robot_navigation_ros2/install/td3/share/td3//models/td_robot/meshes/p3dx
[0.280s] -- Up-to-date: /home/kusi/Downloads/DRL_robot_navigation_ros2/install/td3/share/td3//models/td_robot/meshes/p3dx/center_wheel.stl
[0.280s] -- Up-to-date: /home/kusi/Downloads/DRL_robot_navigation_ros2/install/td3/share/td3//models/td_robot/meshes/p3dx/Coordinates
[0.280s] -- Up-to-date: /home/kusi/Downloads/DRL_robot_navigation_ros2/install/td3/share/td3//models/td_robot/meshes/p3dx/front_sonar.stl
[0.280s] -- Up-to-date: /home/kusi/Downloads/DRL_robot_navigation_ros2/install/td3/share/td3//models/td_robot/meshes/p3dx/center_hubcap.stl
[0.280s] -- Up-to-date: /home/kusi/Downloads/DRL_robot_navigation_ros2/install/td3/share/td3//models/td_robot/meshes/p3dx/top.stl
[0.280s] -- Up-to-date: /home/kusi/Downloads/DRL_robot_navigation_ros2/install/td3/share/td3//models/td_robot/meshes/p3dx/chassis.stl
[0.280s] -- Up-to-date: /home/kusi/Downloads/DRL_robot_navigation_ros2/install/td3/share/td3//models/td_robot/meshes/p3dx/right_wheel.stl
[0.280s] -- Up-to-date: /home/kusi/Downloads/DRL_robot_navigation_ros2/install/td3/share/td3//models/td_robot/meshes/p3dx/right_hubcap.stl
[0.280s] -- Up-to-date: /home/kusi/Downloads/DRL_robot_navigation_ros2/install/td3/share/td3//models/td_robot/meshes/p3dx/front_rim.stl
[0.280s] -- Up-to-date: /home/kusi/Downloads/DRL_robot_navigation_ros2/install/td3/share/td3//models/td_robot/meshes/p3dx/swivel.stl
[0.280s] -- Up-to-date: /home/kusi/Downloads/DRL_robot_navigation_ros2/install/td3/share/td3//models/td_robot/meshes/p3dx/left_wheel.stl
[0.280s] -- Up-to-date: /home/kusi/Downloads/DRL_robot_navigation_ros2/install/td3/share/td3//models/td_robot/meshes/p3dx/back_sonar.stl
[0.280s] -- Up-to-date: /home/kusi/Downloads/DRL_robot_navigation_ros2/install/td3/share/td3//models/td_robot/meshes/p3dx/back_rim.stl
[0.280s] -- Up-to-date: /home/kusi/Downloads/DRL_robot_navigation_ros2/install/td3/share/td3//models/td_robot/meshes/p3dx/left_hubcap.stl
[0.280s] -- Up-to-date: /home/kusi/Downloads/DRL_robot_navigation_ros2/install/td3/share/td3//models/td_robot/model.config
[0.280s] -- Up-to-date: /home/kusi/Downloads/DRL_robot_navigation_ros2/install/td3/share/td3//models/td_robot/td_robot.sdf
[0.280s] -- Up-to-date: /home/kusi/Downloads/DRL_robot_navigation_ros2/install/td3/share/td3//scripts
[0.280s] -- Up-to-date: /home/kusi/Downloads/DRL_robot_navigation_ros2/install/td3/share/td3//scripts/runs
[0.281s] -- Installing: /home/kusi/Downloads/DRL_robot_navigation_ros2/install/td3/share/td3//scripts/runs/events.out.tfevents.1719091543.kusi-H610M-H-V2-DDR4.24327.0
[0.281s] -- Installing: /home/kusi/Downloads/DRL_robot_navigation_ros2/install/td3/share/td3//scripts/runs/events.out.tfevents.1719098892.kusi-H610M-H-V2-DDR4.6753.0
[0.281s] -- Up-to-date: /home/kusi/Downloads/DRL_robot_navigation_ros2/install/td3/share/td3//scripts/runs/events.out.tfevents.1719085336.kusi-H610M-H-V2-DDR4.8163.0
[0.281s] -- Up-to-date: /home/kusi/Downloads/DRL_robot_navigation_ros2/install/td3/share/td3//scripts/runs/events.out.tfevents.1719084847.kusi-H610M-H-V2-DDR4.7688.0
[0.281s] -- Up-to-date: /home/kusi/Downloads/DRL_robot_navigation_ros2/install/td3/share/td3//scripts/pytorch_models
[0.281s] -- Up-to-date: /home/kusi/Downloads/DRL_robot_navigation_ros2/install/td3/share/td3//scripts/pytorch_models/td3_velodyne_actor.pth
[0.281s] -- Up-to-date: /home/kusi/Downloads/DRL_robot_navigation_ros2/install/td3/share/td3//scripts/pytorch_models/td3_velodyne_critic.pth
[0.281s] -- Up-to-date: /home/kusi/Downloads/DRL_robot_navigation_ros2/install/td3/share/td3//scripts/replay_buffer.py
[0.281s] -- Installing: /home/kusi/Downloads/DRL_robot_navigation_ros2/install/td3/share/td3//scripts/train_velodynbe_node_iTD3.py
[0.281s] -- Up-to-date: /home/kusi/Downloads/DRL_robot_navigation_ros2/install/td3/share/td3//scripts/results
[0.281s] -- Up-to-date: /home/kusi/Downloads/DRL_robot_navigation_ros2/install/td3/share/td3//scripts/results/TD3_velodyne.npy
[0.281s] -- Installing: /home/kusi/Downloads/DRL_robot_navigation_ros2/install/td3/share/td3//scripts/test_SAC.py
[0.281s] -- Installing: /home/kusi/Downloads/DRL_robot_navigation_ros2/install/td3/share/td3//scripts/train_SAC_node.py
[0.281s] -- Up-to-date: /home/kusi/Downloads/DRL_robot_navigation_ros2/install/td3/share/td3//scripts/__pycache__
[0.281s] -- Up-to-date: /home/kusi/Downloads/DRL_robot_navigation_ros2/install/td3/share/td3//scripts/__pycache__/replay_buffer.cpython-38.pyc
[0.281s] -- Up-to-date: /home/kusi/Downloads/DRL_robot_navigation_ros2/install/td3/share/td3//scripts/test_velodyne_node.py
[0.282s] -- Installing: /home/kusi/Downloads/DRL_robot_navigation_ros2/install/td3/share/td3//scripts/train_velodyne_node.py
[0.282s] -- Up-to-date: /home/kusi/Downloads/DRL_robot_navigation_ros2/install/td3/share/td3//scripts/runsss
[0.282s] -- Up-to-date: /home/kusi/Downloads/DRL_robot_navigation_ros2/install/td3/share/td3//scripts/runsss/iTD3runs
[0.282s] -- Installing: /home/kusi/Downloads/DRL_robot_navigation_ros2/install/td3/share/td3//scripts/runsss/iTD3runs/run1.0
[0.282s] -- Up-to-date: /home/kusi/Downloads/DRL_robot_navigation_ros2/install/td3/share/td3//scripts/runsss/iTD3runs/events.out.tfevents.1718901944.kusi-H610M-H-V2-DDR4.4283.0
[0.282s] -- Up-to-date: /home/kusi/Downloads/DRL_robot_navigation_ros2/install/td3/share/td3//scripts/runsss/TD3runs
[0.282s] -- Up-to-date: /home/kusi/Downloads/DRL_robot_navigation_ros2/install/td3/share/td3//scripts/runsss/TD3runs/events.out.tfevents.1718958039.kusi-H610M-H-V2-DDR4.4612.0
[0.282s] -- Up-to-date: /home/kusi/Downloads/DRL_robot_navigation_ros2/install/td3/share/td3//scripts/runsss/TD3runs/events.out.tfevents.1716820583.kusi-H610M-H-V2-DDR4.3188.0
[0.282s] -- Up-to-date: /home/kusi/Downloads/DRL_robot_navigation_ros2/install/td3/share/td3//scripts/runsss/TD3runs/events.out.tfevents.1718515441.kusi-H610M-H-V2-DDR4.4475.0
[0.282s] -- Up-to-date: /home/kusi/Downloads/DRL_robot_navigation_ros2/install/td3/share/td3//scripts/runsss/SAC run
[0.282s] -- Up-to-date: /home/kusi/Downloads/DRL_robot_navigation_ros2/install/td3/share/td3//scripts/runsss/SAC run/events.out.tfevents.1718837783.kusi-H610M-H-V2-DDR4.18624.0
[0.282s] -- Up-to-date: /home/kusi/Downloads/DRL_robot_navigation_ros2/install/td3/share/td3//scripts/runsss/SAC run/events.out.tfevents.1718874808.kusi-H610M-H-V2-DDR4.5809.0
[0.282s] -- Up-to-date: /home/kusi/Downloads/DRL_robot_navigation_ros2/install/td3/share/td3//scripts/runsss/SAC run/events.out.tfevents.1718877263.kusi-H610M-H-V2-DDR4.8650.0
[0.282s] -- Up-to-date: /home/kusi/Downloads/DRL_robot_navigation_ros2/install/td3/share/td3//scripts/runsss/SAC run/events.out.tfevents.1718872612.kusi-H610M-H-V2-DDR4.3766.0
[0.282s] -- Up-to-date: /home/kusi/Downloads/DRL_robot_navigation_ros2/install/td3/share/td3//scripts/runsss/SAC run/events.out.tfevents.1718730645.kusi-H610M-H-V2-DDR4.5297.0
[0.282s] -- Up-to-date: /home/kusi/Downloads/DRL_robot_navigation_ros2/install/td3/share/td3//scripts/runsss/SAC run/events.out.tfevents.1718875745.kusi-H610M-H-V2-DDR4.7143.0
[0.283s] -- Up-to-date: /home/kusi/Downloads/DRL_robot_navigation_ros2/install/td3/share/td3//scripts/runsss/SAC run/events.out.tfevents.1718837798.kusi-H610M-H-V2-DDR4.18974.0
[0.283s] -- Up-to-date: /home/kusi/Downloads/DRL_robot_navigation_ros2/install/td3/share/td3//scripts/runsss/SAC run/events.out.tfevents.1718876056.kusi-H610M-H-V2-DDR4.7763.0
[0.283s] -- Up-to-date: /home/kusi/Downloads/DRL_robot_navigation_ros2/install/td3/share/td3//scripts/runsss/SAC run/events.out.tfevents.1718875690.kusi-H610M-H-V2-DDR4.6611.0
[0.283s] -- Up-to-date: /home/kusi/Downloads/DRL_robot_navigation_ros2/install/td3/share/td3//scripts/runsss/SAC run/events.out.tfevents.1718872777.kusi-H610M-H-V2-DDR4.4407.0
[0.283s] -- Up-to-date: /home/kusi/Downloads/DRL_robot_navigation_ros2/install/td3/share/td3//scripts/runsss/SAC run/events.out.tfevents.1718874418.kusi-H610M-H-V2-DDR4.5183.0
[0.283s] -- Up-to-date: /home/kusi/Downloads/DRL_robot_navigation_ros2/install/td3/share/td3//scripts/point_cloud2.py
[0.283s] -- Installing: /home/kusi/Downloads/DRL_robot_navigation_ros2/install/td3/share/td3//scripts/test_itd3.py
[0.283s] -- Up-to-date: /home/kusi/Downloads/DRL_robot_navigation_ros2/install/td3/share/td3//urdf
[0.283s] -- Up-to-date: /home/kusi/Downloads/DRL_robot_navigation_ros2/install/td3/share/td3//urdf/td_robot.urdf
[0.283s] -- Up-to-date: /home/kusi/Downloads/DRL_robot_navigation_ros2/install/td3/share/td3//urdf/meshes
[0.283s] -- Up-to-date: /home/kusi/Downloads/DRL_robot_navigation_ros2/install/td3/share/td3//urdf/meshes/laser
[0.283s] -- Up-to-date: /home/kusi/Downloads/DRL_robot_navigation_ros2/install/td3/share/td3//urdf/meshes/laser/hokuyo.dae
[0.283s] -- Up-to-date: /home/kusi/Downloads/DRL_robot_navigation_ros2/install/td3/share/td3//urdf/meshes/p3dx
[0.283s] -- Up-to-date: /home/kusi/Downloads/DRL_robot_navigation_ros2/install/td3/share/td3//urdf/meshes/p3dx/center_wheel.stl
[0.283s] -- Up-to-date: /home/kusi/Downloads/DRL_robot_navigation_ros2/install/td3/share/td3//urdf/meshes/p3dx/Coordinates
[0.283s] -- Up-to-date: /home/kusi/Downloads/DRL_robot_navigation_ros2/install/td3/share/td3//urdf/meshes/p3dx/front_sonar.stl
[0.283s] -- Up-to-date: /home/kusi/Downloads/DRL_robot_navigation_ros2/install/td3/share/td3//urdf/meshes/p3dx/center_hubcap.stl
[0.283s] -- Up-to-date: /home/kusi/Downloads/DRL_robot_navigation_ros2/install/td3/share/td3//urdf/meshes/p3dx/top.stl
[0.283s] -- Up-to-date: /home/kusi/Downloads/DRL_robot_navigation_ros2/install/td3/share/td3//urdf/meshes/p3dx/chassis.stl
[0.283s] -- Up-to-date: /home/kusi/Downloads/DRL_robot_navigation_ros2/install/td3/share/td3//urdf/meshes/p3dx/right_wheel.stl
[0.283s] -- Up-to-date: /home/kusi/Downloads/DRL_robot_navigation_ros2/install/td3/share/td3//urdf/meshes/p3dx/right_hubcap.stl
[0.283s] -- Up-to-date: /home/kusi/Downloads/DRL_robot_navigation_ros2/install/td3/share/td3//urdf/meshes/p3dx/front_rim.stl
[0.283s] -- Up-to-date: /home/kusi/Downloads/DRL_robot_navigation_ros2/install/td3/share/td3//urdf/meshes/p3dx/swivel.stl
[0.284s] -- Up-to-date: /home/kusi/Downloads/DRL_robot_navigation_ros2/install/td3/share/td3//urdf/meshes/p3dx/left_wheel.stl
[0.284s] -- Up-to-date: /home/kusi/Downloads/DRL_robot_navigation_ros2/install/td3/share/td3//urdf/meshes/p3dx/back_sonar.stl
[0.284s] -- Up-to-date: /home/kusi/Downloads/DRL_robot_navigation_ros2/install/td3/share/td3//urdf/meshes/p3dx/back_rim.stl
[0.284s] -- Up-to-date: /home/kusi/Downloads/DRL_robot_navigation_ros2/install/td3/share/td3//urdf/meshes/p3dx/left_hubcap.stl
[0.284s] -- Up-to-date: /home/kusi/Downloads/DRL_robot_navigation_ros2/install/td3/share/td3//worlds
[0.284s] -- Up-to-date: /home/kusi/Downloads/DRL_robot_navigation_ros2/install/td3/share/td3//worlds/td3.world
[0.284s] -- Up-to-date: /home/kusi/Downloads/DRL_robot_navigation_ros2/install/td3/lib/td3/replay_buffer.py
[0.284s] -- Up-to-date: /home/kusi/Downloads/DRL_robot_navigation_ros2/install/td3/lib/td3/test_velodyne_node.py
[0.284s] -- Installing: /home/kusi/Downloads/DRL_robot_navigation_ros2/install/td3/lib/td3/train_velodyne_node.py
[0.284s] -- Up-to-date: /home/kusi/Downloads/DRL_robot_navigation_ros2/install/td3/lib/td3/point_cloud2.py
[0.284s] -- Installing: /home/kusi/Downloads/DRL_robot_navigation_ros2/install/td3/lib/td3/train_velodynbe_node_iTD3.py
[0.284s] -- Installing: /home/kusi/Downloads/DRL_robot_navigation_ros2/install/td3/lib/td3/train_SAC_node.py
[0.284s] -- Installing: /home/kusi/Downloads/DRL_robot_navigation_ros2/install/td3/lib/td3/test_itd3.py
[0.284s] -- Installing: /home/kusi/Downloads/DRL_robot_navigation_ros2/install/td3/lib/td3/test_SAC.py
[0.284s] -- Up-to-date: /home/kusi/Downloads/DRL_robot_navigation_ros2/install/td3/lib/td3/multi_robot_scenario.launch.py
[0.284s] -- Up-to-date: /home/kusi/Downloads/DRL_robot_navigation_ros2/install/td3/lib/td3/robot_state_publisher.launch.py
[0.284s] -- Up-to-date: /home/kusi/Downloads/DRL_robot_navigation_ros2/install/td3/lib/td3/training_simulation.launch.py
[0.284s] -- Up-to-date: /home/kusi/Downloads/DRL_robot_navigation_ros2/install/td3/lib/td3/test_simulation.launch.py
[0.285s] -- Up-to-date: /home/kusi/Downloads/DRL_robot_navigation_ros2/install/td3/lib/td3/pioneer3dx.rviz
[0.285s] -- Up-to-date: /home/kusi/Downloads/DRL_robot_navigation_ros2/install/td3/lib/td3/train_it3.launch.py
[0.285s] -- Up-to-date: /home/kusi/Downloads/DRL_robot_navigation_ros2/install/td3/lib/td3/SAC.launch.py
[0.285s] -- Up-to-date: /home/kusi/Downloads/DRL_robot_navigation_ros2/install/td3/lib/td3/test_itd3.launch.py
[0.285s] -- Up-to-date: /home/kusi/Downloads/DRL_robot_navigation_ros2/install/td3/share/ament_index/resource_index/package_run_dependencies/td3
[0.285s] -- Up-to-date: /home/kusi/Downloads/DRL_robot_navigation_ros2/install/td3/share/ament_index/resource_index/parent_prefix_path/td3
[0.285s] -- Up-to-date: /home/kusi/Downloads/DRL_robot_navigation_ros2/install/td3/share/td3/environment/ament_prefix_path.sh
[0.285s] -- Installing: /home/kusi/Downloads/DRL_robot_navigation_ros2/install/td3/share/td3/environment/ament_prefix_path.dsv
[0.285s] -- Up-to-date: /home/kusi/Downloads/DRL_robot_navigation_ros2/install/td3/share/td3/environment/path.sh
[0.285s] -- Installing: /home/kusi/Downloads/DRL_robot_navigation_ros2/install/td3/share/td3/environment/path.dsv
[0.285s] -- Up-to-date: /home/kusi/Downloads/DRL_robot_navigation_ros2/install/td3/share/td3/local_setup.bash
[0.285s] -- Up-to-date: /home/kusi/Downloads/DRL_robot_navigation_ros2/install/td3/share/td3/local_setup.sh
[0.285s] -- Up-to-date: /home/kusi/Downloads/DRL_robot_navigation_ros2/install/td3/share/td3/local_setup.zsh
[0.285s] -- Installing: /home/kusi/Downloads/DRL_robot_navigation_ros2/install/td3/share/td3/local_setup.dsv
[0.285s] -- Installing: /home/kusi/Downloads/DRL_robot_navigation_ros2/install/td3/share/td3/package.dsv
[0.285s] -- Up-to-date: /home/kusi/Downloads/DRL_robot_navigation_ros2/install/td3/share/ament_index/resource_index/packages/td3
[0.285s] -- Up-to-date: /home/kusi/Downloads/DRL_robot_navigation_ros2/install/td3/share/td3/cmake/td3Config.cmake
[0.285s] -- Up-to-date: /home/kusi/Downloads/DRL_robot_navigation_ros2/install/td3/share/td3/cmake/td3Config-version.cmake
[0.286s] -- Up-to-date: /home/kusi/Downloads/DRL_robot_navigation_ros2/install/td3/share/td3/package.xml
[0.286s] Invoked command in '/home/kusi/Downloads/DRL_robot_navigation_ros2/build/td3' returned '0': CMAKE_PREFIX_PATH=${CMAKE_PREFIX_PATH}:/opt/ros/foxy /usr/bin/cmake --install /home/kusi/Downloads/DRL_robot_navigation_ros2/build/td3
